2023-05-26 23:23:38 error: uncaughtException: Cannot read properties of null (reading 'indexOf')
TypeError: Cannot read properties of null (reading 'indexOf')
    at Object.parse (/home/rabindranath/Documents/Backend/yt-node-api-ts-oop/node_modules/swagger-jsdoc/node_modules/yaml/dist/parse-3997f544.js:1874:11)
    at Object.parseDocument (/home/rabindranath/Documents/Backend/yt-node-api-ts-oop/node_modules/swagger-jsdoc/node_modules/yaml/dist/index.js:41:24)
    at build (/home/rabindranath/Documents/Backend/yt-node-api-ts-oop/node_modules/swagger-jsdoc/src/specification.js:229:45)
    at module.exports (/home/rabindranath/Documents/Backend/yt-node-api-ts-oop/node_modules/swagger-jsdoc/src/lib.js:32:10)
    at App.initializeSwagger (/home/rabindranath/Documents/Backend/yt-node-api-ts-oop/src/app.ts:108:39)
    at new App (/home/rabindranath/Documents/Backend/yt-node-api-ts-oop/src/app.ts:38:10)
    at Object.<anonymous> (/home/rabindranath/Documents/Backend/yt-node-api-ts-oop/src/index.ts:9:13)
    at Module._compile (node:internal/modules/cjs/loader:1105:14)
    at Module._compile (/home/rabindranath/Documents/Backend/yt-node-api-ts-oop/node_modules/source-map-support/source-map-support.js:568:25)
    at Module.m._compile (/tmp/ts-node-dev-hook-9584604029736319.js:69:33)
2023-05-26 23:23:38 error: uncaughtException: Channel closed
Error: Channel closed
    at new NodeError (node:internal/errors:372:5)
    at process.target.send (node:internal/child_process:741:16)
    at Object.exports.send (/home/rabindranath/Documents/Backend/yt-node-api-ts-oop/node_modules/ts-node-dev/lib/ipc.js:17:14)
    at /home/rabindranath/Documents/Backend/yt-node-api-ts-oop/node_modules/ts-node-dev/lib/wrap.js:88:9
    at Object.nodeDevHook [as .ts] (/home/rabindranath/Documents/Backend/yt-node-api-ts-oop/node_modules/ts-node-dev/lib/hook.js:61:17)
    at Module.load (node:internal/modules/cjs/loader:981:32)
    at Function.Module._load (node:internal/modules/cjs/loader:822:12)
    at Module.require (node:internal/modules/cjs/loader:1005:19)
    at require (node:internal/modules/cjs/helpers:102:18)
    at tryToRequire (/home/rabindranath/Documents/Backend/yt-node-api-ts-oop/src/util/ImportUtils.ts:21:17)
2023-05-26 23:23:38 error: uncaughtException: Channel closed
Error: Channel closed
    at new NodeError (node:internal/errors:372:5)
    at process.target.send (node:internal/child_process:741:16)
    at compile (/tmp/ts-node-dev-hook-9584604029736319.js:46:21)
    at Module.m._compile (/tmp/ts-node-dev-hook-9584604029736319.js:69:44)
    at Module._extensions..js (node:internal/modules/cjs/loader:1159:10)
    at require.extensions..jsx.require.extensions..js (/tmp/ts-node-dev-hook-9584604029736319.js:114:20)
    at require.extensions.<computed> (/tmp/ts-node-dev-hook-9584604029736319.js:71:20)
    at Object.nodeDevHook [as .ts] (/home/rabindranath/Documents/Backend/yt-node-api-ts-oop/node_modules/ts-node-dev/lib/hook.js:63:13)
    at Module.load (node:internal/modules/cjs/loader:981:32)
    at Function.Module._load (node:internal/modules/cjs/loader:822:12)
2023-05-26 23:23:45 error: uncaughtException: Cannot read properties of null (reading 'indexOf')
TypeError: Cannot read properties of null (reading 'indexOf')
    at Object.parse (/home/rabindranath/Documents/Backend/yt-node-api-ts-oop/node_modules/swagger-jsdoc/node_modules/yaml/dist/parse-3997f544.js:1874:11)
    at Object.parseDocument (/home/rabindranath/Documents/Backend/yt-node-api-ts-oop/node_modules/swagger-jsdoc/node_modules/yaml/dist/index.js:41:24)
    at build (/home/rabindranath/Documents/Backend/yt-node-api-ts-oop/node_modules/swagger-jsdoc/src/specification.js:229:45)
    at module.exports (/home/rabindranath/Documents/Backend/yt-node-api-ts-oop/node_modules/swagger-jsdoc/src/lib.js:32:10)
    at App.initializeSwagger (/home/rabindranath/Documents/Backend/yt-node-api-ts-oop/src/app.ts:108:39)
    at new App (/home/rabindranath/Documents/Backend/yt-node-api-ts-oop/src/app.ts:38:10)
    at Object.<anonymous> (/home/rabindranath/Documents/Backend/yt-node-api-ts-oop/src/index.ts:9:13)
    at Module._compile (node:internal/modules/cjs/loader:1105:14)
    at Module._compile (/home/rabindranath/Documents/Backend/yt-node-api-ts-oop/node_modules/source-map-support/source-map-support.js:568:25)
    at Module.m._compile (/tmp/ts-node-dev-hook-9584604029736319.js:69:33)
2023-05-26 23:23:45 error: uncaughtException: Channel closed
Error: Channel closed
    at new NodeError (node:internal/errors:372:5)
    at process.target.send (node:internal/child_process:741:16)
    at Object.exports.send (/home/rabindranath/Documents/Backend/yt-node-api-ts-oop/node_modules/ts-node-dev/lib/ipc.js:17:14)
    at /home/rabindranath/Documents/Backend/yt-node-api-ts-oop/node_modules/ts-node-dev/lib/wrap.js:88:9
    at Object.nodeDevHook [as .ts] (/home/rabindranath/Documents/Backend/yt-node-api-ts-oop/node_modules/ts-node-dev/lib/hook.js:61:17)
    at Module.load (node:internal/modules/cjs/loader:981:32)
    at Function.Module._load (node:internal/modules/cjs/loader:822:12)
    at Module.require (node:internal/modules/cjs/loader:1005:19)
    at require (node:internal/modules/cjs/helpers:102:18)
    at tryToRequire (/home/rabindranath/Documents/Backend/yt-node-api-ts-oop/src/util/ImportUtils.ts:21:17)
2023-05-26 23:23:45 error: uncaughtException: Channel closed
Error: Channel closed
    at new NodeError (node:internal/errors:372:5)
    at process.target.send (node:internal/child_process:741:16)
    at compile (/tmp/ts-node-dev-hook-9584604029736319.js:46:21)
    at Module.m._compile (/tmp/ts-node-dev-hook-9584604029736319.js:69:44)
    at Module._extensions..js (node:internal/modules/cjs/loader:1159:10)
    at require.extensions..jsx.require.extensions..js (/tmp/ts-node-dev-hook-9584604029736319.js:114:20)
    at require.extensions.<computed> (/tmp/ts-node-dev-hook-9584604029736319.js:71:20)
    at Object.nodeDevHook [as .ts] (/home/rabindranath/Documents/Backend/yt-node-api-ts-oop/node_modules/ts-node-dev/lib/hook.js:63:13)
    at Module.load (node:internal/modules/cjs/loader:981:32)
    at Function.Module._load (node:internal/modules/cjs/loader:822:12)
2023-05-26 23:24:27 error: uncaughtException: Cannot read properties of null (reading 'indexOf')
TypeError: Cannot read properties of null (reading 'indexOf')
    at Object.parse (/home/rabindranath/Documents/Backend/yt-node-api-ts-oop/node_modules/swagger-jsdoc/node_modules/yaml/dist/parse-3997f544.js:1874:11)
    at Object.parseDocument (/home/rabindranath/Documents/Backend/yt-node-api-ts-oop/node_modules/swagger-jsdoc/node_modules/yaml/dist/index.js:41:24)
    at build (/home/rabindranath/Documents/Backend/yt-node-api-ts-oop/node_modules/swagger-jsdoc/src/specification.js:229:45)
    at module.exports (/home/rabindranath/Documents/Backend/yt-node-api-ts-oop/node_modules/swagger-jsdoc/src/lib.js:32:10)
    at App.initializeSwagger (/home/rabindranath/Documents/Backend/yt-node-api-ts-oop/src/app.ts:108:39)
    at new App (/home/rabindranath/Documents/Backend/yt-node-api-ts-oop/src/app.ts:38:10)
    at Object.<anonymous> (/home/rabindranath/Documents/Backend/yt-node-api-ts-oop/src/index.ts:9:13)
    at Module._compile (node:internal/modules/cjs/loader:1105:14)
    at Module._compile (/home/rabindranath/Documents/Backend/yt-node-api-ts-oop/node_modules/source-map-support/source-map-support.js:568:25)
    at Module.m._compile (/tmp/ts-node-dev-hook-9584604029736319.js:69:33)
2023-05-26 23:24:27 error: uncaughtException: Channel closed
Error: Channel closed
    at new NodeError (node:internal/errors:372:5)
    at process.target.send (node:internal/child_process:741:16)
    at Object.exports.send (/home/rabindranath/Documents/Backend/yt-node-api-ts-oop/node_modules/ts-node-dev/lib/ipc.js:17:14)
    at /home/rabindranath/Documents/Backend/yt-node-api-ts-oop/node_modules/ts-node-dev/lib/wrap.js:88:9
    at Object.nodeDevHook [as .ts] (/home/rabindranath/Documents/Backend/yt-node-api-ts-oop/node_modules/ts-node-dev/lib/hook.js:61:17)
    at Module.load (node:internal/modules/cjs/loader:981:32)
    at Function.Module._load (node:internal/modules/cjs/loader:822:12)
    at Module.require (node:internal/modules/cjs/loader:1005:19)
    at require (node:internal/modules/cjs/helpers:102:18)
    at tryToRequire (/home/rabindranath/Documents/Backend/yt-node-api-ts-oop/src/util/ImportUtils.ts:21:17)
2023-05-26 23:24:27 error: uncaughtException: Channel closed
Error: Channel closed
    at new NodeError (node:internal/errors:372:5)
    at process.target.send (node:internal/child_process:741:16)
    at compile (/tmp/ts-node-dev-hook-9584604029736319.js:46:21)
    at Module.m._compile (/tmp/ts-node-dev-hook-9584604029736319.js:69:44)
    at Module._extensions..js (node:internal/modules/cjs/loader:1159:10)
    at require.extensions..jsx.require.extensions..js (/tmp/ts-node-dev-hook-9584604029736319.js:114:20)
    at require.extensions.<computed> (/tmp/ts-node-dev-hook-9584604029736319.js:71:20)
    at Object.nodeDevHook [as .ts] (/home/rabindranath/Documents/Backend/yt-node-api-ts-oop/node_modules/ts-node-dev/lib/hook.js:63:13)
    at Module.load (node:internal/modules/cjs/loader:981:32)
    at Function.Module._load (node:internal/modules/cjs/loader:822:12)
2023-05-26 23:24:32 error: uncaughtException: Cannot read properties of null (reading 'indexOf')
TypeError: Cannot read properties of null (reading 'indexOf')
    at Object.parse (/home/rabindranath/Documents/Backend/yt-node-api-ts-oop/node_modules/swagger-jsdoc/node_modules/yaml/dist/parse-3997f544.js:1874:11)
    at Object.parseDocument (/home/rabindranath/Documents/Backend/yt-node-api-ts-oop/node_modules/swagger-jsdoc/node_modules/yaml/dist/index.js:41:24)
    at build (/home/rabindranath/Documents/Backend/yt-node-api-ts-oop/node_modules/swagger-jsdoc/src/specification.js:229:45)
    at module.exports (/home/rabindranath/Documents/Backend/yt-node-api-ts-oop/node_modules/swagger-jsdoc/src/lib.js:32:10)
    at App.initializeSwagger (/home/rabindranath/Documents/Backend/yt-node-api-ts-oop/src/app.ts:108:39)
    at new App (/home/rabindranath/Documents/Backend/yt-node-api-ts-oop/src/app.ts:38:10)
    at Object.<anonymous> (/home/rabindranath/Documents/Backend/yt-node-api-ts-oop/src/index.ts:9:13)
    at Module._compile (node:internal/modules/cjs/loader:1105:14)
    at Module._compile (/home/rabindranath/Documents/Backend/yt-node-api-ts-oop/node_modules/source-map-support/source-map-support.js:568:25)
    at Module.m._compile (/tmp/ts-node-dev-hook-9584604029736319.js:69:33)
2023-05-26 23:24:33 error: uncaughtException: Channel closed
Error: Channel closed
    at new NodeError (node:internal/errors:372:5)
    at process.target.send (node:internal/child_process:741:16)
    at Object.exports.send (/home/rabindranath/Documents/Backend/yt-node-api-ts-oop/node_modules/ts-node-dev/lib/ipc.js:17:14)
    at /home/rabindranath/Documents/Backend/yt-node-api-ts-oop/node_modules/ts-node-dev/lib/wrap.js:88:9
    at Object.nodeDevHook [as .ts] (/home/rabindranath/Documents/Backend/yt-node-api-ts-oop/node_modules/ts-node-dev/lib/hook.js:61:17)
    at Module.load (node:internal/modules/cjs/loader:981:32)
    at Function.Module._load (node:internal/modules/cjs/loader:822:12)
    at Module.require (node:internal/modules/cjs/loader:1005:19)
    at require (node:internal/modules/cjs/helpers:102:18)
    at tryToRequire (/home/rabindranath/Documents/Backend/yt-node-api-ts-oop/src/util/ImportUtils.ts:21:17)
2023-05-26 23:24:33 error: uncaughtException: Channel closed
Error: Channel closed
    at new NodeError (node:internal/errors:372:5)
    at process.target.send (node:internal/child_process:741:16)
    at compile (/tmp/ts-node-dev-hook-9584604029736319.js:46:21)
    at Module.m._compile (/tmp/ts-node-dev-hook-9584604029736319.js:69:44)
    at Module._extensions..js (node:internal/modules/cjs/loader:1159:10)
    at require.extensions..jsx.require.extensions..js (/tmp/ts-node-dev-hook-9584604029736319.js:114:20)
    at require.extensions.<computed> (/tmp/ts-node-dev-hook-9584604029736319.js:71:20)
    at Object.nodeDevHook [as .ts] (/home/rabindranath/Documents/Backend/yt-node-api-ts-oop/node_modules/ts-node-dev/lib/hook.js:63:13)
    at Module.load (node:internal/modules/cjs/loader:981:32)
    at Function.Module._load (node:internal/modules/cjs/loader:822:12)
2023-05-26 23:30:40 error: uncaughtException: ⨯ Unable to compile TypeScript:
src/routes/testimonial.routes.ts(7,2): error TS1161: Unterminated regular expression literal.

Error: ⨯ Unable to compile TypeScript:
src/routes/testimonial.routes.ts(7,2): error TS1161: Unterminated regular expression literal.

    at Object.<anonymous> (/home/rabindranath/Documents/Backend/yt-node-api-ts-oop/src/routes/testimonial.routes.ts:1:7)
    at Module._compile (node:internal/modules/cjs/loader:1105:14)
    at Module._compile (/home/rabindranath/Documents/Backend/yt-node-api-ts-oop/node_modules/source-map-support/source-map-support.js:568:25)
    at Module.m._compile (/tmp/ts-node-dev-hook-9584604029736319.js:69:33)
    at Module._extensions..js (node:internal/modules/cjs/loader:1159:10)
    at require.extensions..jsx.require.extensions..js (/tmp/ts-node-dev-hook-9584604029736319.js:114:20)
    at require.extensions.<computed> (/tmp/ts-node-dev-hook-9584604029736319.js:71:20)
    at Object.nodeDevHook [as .ts] (/home/rabindranath/Documents/Backend/yt-node-api-ts-oop/node_modules/ts-node-dev/lib/hook.js:63:13)
    at Module.load (node:internal/modules/cjs/loader:981:32)
    at Function.Module._load (node:internal/modules/cjs/loader:822:12)
2023-05-26 23:30:40 error: uncaughtException: Channel closed
Error: Channel closed
    at new NodeError (node:internal/errors:372:5)
    at process.target.send (node:internal/child_process:741:16)
    at Object.exports.send (/home/rabindranath/Documents/Backend/yt-node-api-ts-oop/node_modules/ts-node-dev/lib/ipc.js:17:14)
    at /home/rabindranath/Documents/Backend/yt-node-api-ts-oop/node_modules/ts-node-dev/lib/wrap.js:88:9
    at Object.nodeDevHook [as .ts] (/home/rabindranath/Documents/Backend/yt-node-api-ts-oop/node_modules/ts-node-dev/lib/hook.js:61:17)
    at Module.load (node:internal/modules/cjs/loader:981:32)
    at Function.Module._load (node:internal/modules/cjs/loader:822:12)
    at Module.require (node:internal/modules/cjs/loader:1005:19)
    at require (node:internal/modules/cjs/helpers:102:18)
    at tryToRequire (/home/rabindranath/Documents/Backend/yt-node-api-ts-oop/src/util/ImportUtils.ts:21:17)
2023-05-26 23:30:40 error: uncaughtException: Channel closed
Error: Channel closed
    at new NodeError (node:internal/errors:372:5)
    at process.target.send (node:internal/child_process:741:16)
    at compile (/tmp/ts-node-dev-hook-9584604029736319.js:46:21)
    at Module.m._compile (/tmp/ts-node-dev-hook-9584604029736319.js:69:44)
    at Module._extensions..js (node:internal/modules/cjs/loader:1159:10)
    at require.extensions..jsx.require.extensions..js (/tmp/ts-node-dev-hook-9584604029736319.js:114:20)
    at require.extensions.<computed> (/tmp/ts-node-dev-hook-9584604029736319.js:71:20)
    at Object.nodeDevHook [as .ts] (/home/rabindranath/Documents/Backend/yt-node-api-ts-oop/node_modules/ts-node-dev/lib/hook.js:63:13)
    at Module.load (node:internal/modules/cjs/loader:981:32)
    at Function.Module._load (node:internal/modules/cjs/loader:822:12)
2023-05-26 23:30:45 error: uncaughtException: Cannot read properties of null (reading 'indexOf')
TypeError: Cannot read properties of null (reading 'indexOf')
    at Object.parse (/home/rabindranath/Documents/Backend/yt-node-api-ts-oop/node_modules/swagger-jsdoc/node_modules/yaml/dist/parse-3997f544.js:1874:11)
    at Object.parseDocument (/home/rabindranath/Documents/Backend/yt-node-api-ts-oop/node_modules/swagger-jsdoc/node_modules/yaml/dist/index.js:41:24)
    at build (/home/rabindranath/Documents/Backend/yt-node-api-ts-oop/node_modules/swagger-jsdoc/src/specification.js:229:45)
    at module.exports (/home/rabindranath/Documents/Backend/yt-node-api-ts-oop/node_modules/swagger-jsdoc/src/lib.js:32:10)
    at App.initializeSwagger (/home/rabindranath/Documents/Backend/yt-node-api-ts-oop/src/app.ts:108:39)
    at new App (/home/rabindranath/Documents/Backend/yt-node-api-ts-oop/src/app.ts:38:10)
    at Object.<anonymous> (/home/rabindranath/Documents/Backend/yt-node-api-ts-oop/src/index.ts:9:13)
    at Module._compile (node:internal/modules/cjs/loader:1105:14)
    at Module._compile (/home/rabindranath/Documents/Backend/yt-node-api-ts-oop/node_modules/source-map-support/source-map-support.js:568:25)
    at Module.m._compile (/tmp/ts-node-dev-hook-9584604029736319.js:69:33)
2023-05-26 23:30:46 error: uncaughtException: Channel closed
Error: Channel closed
    at new NodeError (node:internal/errors:372:5)
    at process.target.send (node:internal/child_process:741:16)
    at Object.exports.send (/home/rabindranath/Documents/Backend/yt-node-api-ts-oop/node_modules/ts-node-dev/lib/ipc.js:17:14)
    at /home/rabindranath/Documents/Backend/yt-node-api-ts-oop/node_modules/ts-node-dev/lib/wrap.js:88:9
    at Object.nodeDevHook [as .ts] (/home/rabindranath/Documents/Backend/yt-node-api-ts-oop/node_modules/ts-node-dev/lib/hook.js:61:17)
    at Module.load (node:internal/modules/cjs/loader:981:32)
    at Function.Module._load (node:internal/modules/cjs/loader:822:12)
    at Module.require (node:internal/modules/cjs/loader:1005:19)
    at require (node:internal/modules/cjs/helpers:102:18)
    at tryToRequire (/home/rabindranath/Documents/Backend/yt-node-api-ts-oop/src/util/ImportUtils.ts:21:17)
2023-05-26 23:30:46 error: uncaughtException: Channel closed
Error: Channel closed
    at new NodeError (node:internal/errors:372:5)
    at process.target.send (node:internal/child_process:741:16)
    at compile (/tmp/ts-node-dev-hook-9584604029736319.js:46:21)
    at Module.m._compile (/tmp/ts-node-dev-hook-9584604029736319.js:69:44)
    at Module._extensions..js (node:internal/modules/cjs/loader:1159:10)
    at require.extensions..jsx.require.extensions..js (/tmp/ts-node-dev-hook-9584604029736319.js:114:20)
    at require.extensions.<computed> (/tmp/ts-node-dev-hook-9584604029736319.js:71:20)
    at Object.nodeDevHook [as .ts] (/home/rabindranath/Documents/Backend/yt-node-api-ts-oop/node_modules/ts-node-dev/lib/hook.js:63:13)
    at Module.load (node:internal/modules/cjs/loader:981:32)
    at Function.Module._load (node:internal/modules/cjs/loader:822:12)
2023-05-26 23:30:51 error: uncaughtException: Cannot convert undefined or null to object
TypeError: Cannot convert undefined or null to object
    at Function.keys (<anonymous>)
    at organize (/home/rabindranath/Documents/Backend/yt-node-api-ts-oop/node_modules/swagger-jsdoc/src/specification.js:155:37)
    at build (/home/rabindranath/Documents/Backend/yt-node-api-ts-oop/node_modules/swagger-jsdoc/src/specification.js:320:7)
    at module.exports (/home/rabindranath/Documents/Backend/yt-node-api-ts-oop/node_modules/swagger-jsdoc/src/lib.js:32:10)
    at App.initializeSwagger (/home/rabindranath/Documents/Backend/yt-node-api-ts-oop/src/app.ts:108:39)
    at new App (/home/rabindranath/Documents/Backend/yt-node-api-ts-oop/src/app.ts:38:10)
    at Object.<anonymous> (/home/rabindranath/Documents/Backend/yt-node-api-ts-oop/src/index.ts:9:13)
    at Module._compile (node:internal/modules/cjs/loader:1105:14)
    at Module._compile (/home/rabindranath/Documents/Backend/yt-node-api-ts-oop/node_modules/source-map-support/source-map-support.js:568:25)
    at Module.m._compile (/tmp/ts-node-dev-hook-9584604029736319.js:69:33)
2023-05-26 23:30:51 error: uncaughtException: Channel closed
Error: Channel closed
    at new NodeError (node:internal/errors:372:5)
    at process.target.send (node:internal/child_process:741:16)
    at Object.exports.send (/home/rabindranath/Documents/Backend/yt-node-api-ts-oop/node_modules/ts-node-dev/lib/ipc.js:17:14)
    at /home/rabindranath/Documents/Backend/yt-node-api-ts-oop/node_modules/ts-node-dev/lib/wrap.js:88:9
    at Object.nodeDevHook [as .ts] (/home/rabindranath/Documents/Backend/yt-node-api-ts-oop/node_modules/ts-node-dev/lib/hook.js:61:17)
    at Module.load (node:internal/modules/cjs/loader:981:32)
    at Function.Module._load (node:internal/modules/cjs/loader:822:12)
    at Module.require (node:internal/modules/cjs/loader:1005:19)
    at require (node:internal/modules/cjs/helpers:102:18)
    at tryToRequire (/home/rabindranath/Documents/Backend/yt-node-api-ts-oop/src/util/ImportUtils.ts:21:17)
2023-05-26 23:30:51 error: uncaughtException: Channel closed
Error: Channel closed
    at new NodeError (node:internal/errors:372:5)
    at process.target.send (node:internal/child_process:741:16)
    at compile (/tmp/ts-node-dev-hook-9584604029736319.js:46:21)
    at Module.m._compile (/tmp/ts-node-dev-hook-9584604029736319.js:69:44)
    at Module._extensions..js (node:internal/modules/cjs/loader:1159:10)
    at require.extensions..jsx.require.extensions..js (/tmp/ts-node-dev-hook-9584604029736319.js:114:20)
    at require.extensions.<computed> (/tmp/ts-node-dev-hook-9584604029736319.js:71:20)
    at Object.nodeDevHook [as .ts] (/home/rabindranath/Documents/Backend/yt-node-api-ts-oop/node_modules/ts-node-dev/lib/hook.js:63:13)
    at Module.load (node:internal/modules/cjs/loader:981:32)
    at Function.Module._load (node:internal/modules/cjs/loader:822:12)
2023-05-26 23:39:33 error: uncaughtException: ⨯ Unable to compile TypeScript:
src/routes/testimonial.routes.ts(80,6): error TS1161: Unterminated regular expression literal.

Error: ⨯ Unable to compile TypeScript:
src/routes/testimonial.routes.ts(80,6): error TS1161: Unterminated regular expression literal.

    at Object.<anonymous> (/home/rabindranath/Documents/Backend/yt-node-api-ts-oop/src/routes/testimonial.routes.ts:1:7)
    at Module._compile (node:internal/modules/cjs/loader:1105:14)
    at Module._compile (/home/rabindranath/Documents/Backend/yt-node-api-ts-oop/node_modules/source-map-support/source-map-support.js:568:25)
    at Module.m._compile (/tmp/ts-node-dev-hook-9584604029736319.js:69:33)
    at Module._extensions..js (node:internal/modules/cjs/loader:1159:10)
    at require.extensions..jsx.require.extensions..js (/tmp/ts-node-dev-hook-9584604029736319.js:114:20)
    at require.extensions.<computed> (/tmp/ts-node-dev-hook-9584604029736319.js:71:20)
    at Object.nodeDevHook [as .ts] (/home/rabindranath/Documents/Backend/yt-node-api-ts-oop/node_modules/ts-node-dev/lib/hook.js:63:13)
    at Module.load (node:internal/modules/cjs/loader:981:32)
    at Function.Module._load (node:internal/modules/cjs/loader:822:12)
2023-05-26 23:39:33 error: uncaughtException: Channel closed
Error: Channel closed
    at new NodeError (node:internal/errors:372:5)
    at process.target.send (node:internal/child_process:741:16)
    at Object.exports.send (/home/rabindranath/Documents/Backend/yt-node-api-ts-oop/node_modules/ts-node-dev/lib/ipc.js:17:14)
    at /home/rabindranath/Documents/Backend/yt-node-api-ts-oop/node_modules/ts-node-dev/lib/wrap.js:88:9
    at Object.nodeDevHook [as .ts] (/home/rabindranath/Documents/Backend/yt-node-api-ts-oop/node_modules/ts-node-dev/lib/hook.js:61:17)
    at Module.load (node:internal/modules/cjs/loader:981:32)
    at Function.Module._load (node:internal/modules/cjs/loader:822:12)
    at Module.require (node:internal/modules/cjs/loader:1005:19)
    at require (node:internal/modules/cjs/helpers:102:18)
    at tryToRequire (/home/rabindranath/Documents/Backend/yt-node-api-ts-oop/src/util/ImportUtils.ts:21:17)
2023-05-26 23:39:33 error: uncaughtException: Channel closed
Error: Channel closed
    at new NodeError (node:internal/errors:372:5)
    at process.target.send (node:internal/child_process:741:16)
    at compile (/tmp/ts-node-dev-hook-9584604029736319.js:46:21)
    at Module.m._compile (/tmp/ts-node-dev-hook-9584604029736319.js:69:44)
    at Module._extensions..js (node:internal/modules/cjs/loader:1159:10)
    at require.extensions..jsx.require.extensions..js (/tmp/ts-node-dev-hook-9584604029736319.js:114:20)
    at require.extensions.<computed> (/tmp/ts-node-dev-hook-9584604029736319.js:71:20)
    at Object.nodeDevHook [as .ts] (/home/rabindranath/Documents/Backend/yt-node-api-ts-oop/node_modules/ts-node-dev/lib/hook.js:63:13)
    at Module.load (node:internal/modules/cjs/loader:981:32)
    at Function.Module._load (node:internal/modules/cjs/loader:822:12)
2023-05-26 23:39:39 error: uncaughtException: Cannot read properties of null (reading 'indexOf')
TypeError: Cannot read properties of null (reading 'indexOf')
    at Object.parse (/home/rabindranath/Documents/Backend/yt-node-api-ts-oop/node_modules/swagger-jsdoc/node_modules/yaml/dist/parse-3997f544.js:1874:11)
    at Object.parseDocument (/home/rabindranath/Documents/Backend/yt-node-api-ts-oop/node_modules/swagger-jsdoc/node_modules/yaml/dist/index.js:41:24)
    at build (/home/rabindranath/Documents/Backend/yt-node-api-ts-oop/node_modules/swagger-jsdoc/src/specification.js:229:45)
    at module.exports (/home/rabindranath/Documents/Backend/yt-node-api-ts-oop/node_modules/swagger-jsdoc/src/lib.js:32:10)
    at App.initializeSwagger (/home/rabindranath/Documents/Backend/yt-node-api-ts-oop/src/app.ts:108:39)
    at new App (/home/rabindranath/Documents/Backend/yt-node-api-ts-oop/src/app.ts:38:10)
    at Object.<anonymous> (/home/rabindranath/Documents/Backend/yt-node-api-ts-oop/src/index.ts:9:13)
    at Module._compile (node:internal/modules/cjs/loader:1105:14)
    at Module._compile (/home/rabindranath/Documents/Backend/yt-node-api-ts-oop/node_modules/source-map-support/source-map-support.js:568:25)
    at Module.m._compile (/tmp/ts-node-dev-hook-9584604029736319.js:69:33)
2023-05-26 23:39:39 error: uncaughtException: Channel closed
Error: Channel closed
    at new NodeError (node:internal/errors:372:5)
    at process.target.send (node:internal/child_process:741:16)
    at Object.exports.send (/home/rabindranath/Documents/Backend/yt-node-api-ts-oop/node_modules/ts-node-dev/lib/ipc.js:17:14)
    at /home/rabindranath/Documents/Backend/yt-node-api-ts-oop/node_modules/ts-node-dev/lib/wrap.js:88:9
    at Object.nodeDevHook [as .ts] (/home/rabindranath/Documents/Backend/yt-node-api-ts-oop/node_modules/ts-node-dev/lib/hook.js:61:17)
    at Module.load (node:internal/modules/cjs/loader:981:32)
    at Function.Module._load (node:internal/modules/cjs/loader:822:12)
    at Module.require (node:internal/modules/cjs/loader:1005:19)
    at require (node:internal/modules/cjs/helpers:102:18)
    at tryToRequire (/home/rabindranath/Documents/Backend/yt-node-api-ts-oop/src/util/ImportUtils.ts:21:17)
2023-05-26 23:39:39 error: uncaughtException: Channel closed
Error: Channel closed
    at new NodeError (node:internal/errors:372:5)
    at process.target.send (node:internal/child_process:741:16)
    at compile (/tmp/ts-node-dev-hook-9584604029736319.js:46:21)
    at Module.m._compile (/tmp/ts-node-dev-hook-9584604029736319.js:69:44)
    at Module._extensions..js (node:internal/modules/cjs/loader:1159:10)
    at require.extensions..jsx.require.extensions..js (/tmp/ts-node-dev-hook-9584604029736319.js:114:20)
    at require.extensions.<computed> (/tmp/ts-node-dev-hook-9584604029736319.js:71:20)
    at Object.nodeDevHook [as .ts] (/home/rabindranath/Documents/Backend/yt-node-api-ts-oop/node_modules/ts-node-dev/lib/hook.js:63:13)
    at Module.load (node:internal/modules/cjs/loader:981:32)
    at Function.Module._load (node:internal/modules/cjs/loader:822:12)
2023-05-26 23:44:24 error: uncaughtException: Cannot read properties of undefined (reading 'cstNode')
TypeError: Cannot read properties of undefined (reading 'cstNode')
    at /home/rabindranath/Documents/Backend/yt-node-api-ts-oop/node_modules/swagger-jsdoc/src/specification.js:263:39
    at Array.forEach (<anonymous>)
    at build (/home/rabindranath/Documents/Backend/yt-node-api-ts-oop/node_modules/swagger-jsdoc/src/specification.js:253:25)
    at module.exports (/home/rabindranath/Documents/Backend/yt-node-api-ts-oop/node_modules/swagger-jsdoc/src/lib.js:32:10)
    at App.initializeSwagger (/home/rabindranath/Documents/Backend/yt-node-api-ts-oop/src/app.ts:108:39)
    at new App (/home/rabindranath/Documents/Backend/yt-node-api-ts-oop/src/app.ts:38:10)
    at Object.<anonymous> (/home/rabindranath/Documents/Backend/yt-node-api-ts-oop/src/index.ts:9:13)
    at Module._compile (node:internal/modules/cjs/loader:1105:14)
    at Module._compile (/home/rabindranath/Documents/Backend/yt-node-api-ts-oop/node_modules/source-map-support/source-map-support.js:568:25)
    at Module.m._compile (/tmp/ts-node-dev-hook-9584604029736319.js:69:33)
2023-05-26 23:44:24 error: uncaughtException: Channel closed
Error: Channel closed
    at new NodeError (node:internal/errors:372:5)
    at process.target.send (node:internal/child_process:741:16)
    at Object.exports.send (/home/rabindranath/Documents/Backend/yt-node-api-ts-oop/node_modules/ts-node-dev/lib/ipc.js:17:14)
    at /home/rabindranath/Documents/Backend/yt-node-api-ts-oop/node_modules/ts-node-dev/lib/wrap.js:88:9
    at Object.nodeDevHook [as .ts] (/home/rabindranath/Documents/Backend/yt-node-api-ts-oop/node_modules/ts-node-dev/lib/hook.js:61:17)
    at Module.load (node:internal/modules/cjs/loader:981:32)
    at Function.Module._load (node:internal/modules/cjs/loader:822:12)
    at Module.require (node:internal/modules/cjs/loader:1005:19)
    at require (node:internal/modules/cjs/helpers:102:18)
    at tryToRequire (/home/rabindranath/Documents/Backend/yt-node-api-ts-oop/src/util/ImportUtils.ts:21:17)
2023-05-26 23:44:24 error: uncaughtException: Channel closed
Error: Channel closed
    at new NodeError (node:internal/errors:372:5)
    at process.target.send (node:internal/child_process:741:16)
    at compile (/tmp/ts-node-dev-hook-9584604029736319.js:46:21)
    at Module.m._compile (/tmp/ts-node-dev-hook-9584604029736319.js:69:44)
    at Module._extensions..js (node:internal/modules/cjs/loader:1159:10)
    at require.extensions..jsx.require.extensions..js (/tmp/ts-node-dev-hook-9584604029736319.js:114:20)
    at require.extensions.<computed> (/tmp/ts-node-dev-hook-9584604029736319.js:71:20)
    at Object.nodeDevHook [as .ts] (/home/rabindranath/Documents/Backend/yt-node-api-ts-oop/node_modules/ts-node-dev/lib/hook.js:63:13)
    at Module.load (node:internal/modules/cjs/loader:981:32)
    at Function.Module._load (node:internal/modules/cjs/loader:822:12)
2023-05-26 23:49:53 error: uncaughtException: ⨯ Unable to compile TypeScript:
src/routes/user.routes.ts(56,2): error TS1161: Unterminated regular expression literal.

Error: ⨯ Unable to compile TypeScript:
src/routes/user.routes.ts(56,2): error TS1161: Unterminated regular expression literal.

    at Object.<anonymous> (/home/rabindranath/Documents/Backend/yt-node-api-ts-oop/src/routes/user.routes.ts:1:7)
    at Module._compile (node:internal/modules/cjs/loader:1105:14)
    at Module._compile (/home/rabindranath/Documents/Backend/yt-node-api-ts-oop/node_modules/source-map-support/source-map-support.js:568:25)
    at Module.m._compile (/tmp/ts-node-dev-hook-9584604029736319.js:69:33)
    at Module._extensions..js (node:internal/modules/cjs/loader:1159:10)
    at require.extensions..jsx.require.extensions..js (/tmp/ts-node-dev-hook-9584604029736319.js:114:20)
    at require.extensions.<computed> (/tmp/ts-node-dev-hook-9584604029736319.js:71:20)
    at Object.nodeDevHook [as .ts] (/home/rabindranath/Documents/Backend/yt-node-api-ts-oop/node_modules/ts-node-dev/lib/hook.js:63:13)
    at Module.load (node:internal/modules/cjs/loader:981:32)
    at Function.Module._load (node:internal/modules/cjs/loader:822:12)
2023-05-26 23:49:53 error: uncaughtException: Channel closed
Error: Channel closed
    at new NodeError (node:internal/errors:372:5)
    at process.target.send (node:internal/child_process:741:16)
    at Object.exports.send (/home/rabindranath/Documents/Backend/yt-node-api-ts-oop/node_modules/ts-node-dev/lib/ipc.js:17:14)
    at /home/rabindranath/Documents/Backend/yt-node-api-ts-oop/node_modules/ts-node-dev/lib/wrap.js:88:9
    at Object.nodeDevHook [as .ts] (/home/rabindranath/Documents/Backend/yt-node-api-ts-oop/node_modules/ts-node-dev/lib/hook.js:61:17)
    at Module.load (node:internal/modules/cjs/loader:981:32)
    at Function.Module._load (node:internal/modules/cjs/loader:822:12)
    at Module.require (node:internal/modules/cjs/loader:1005:19)
    at require (node:internal/modules/cjs/helpers:102:18)
    at tryToRequire (/home/rabindranath/Documents/Backend/yt-node-api-ts-oop/src/util/ImportUtils.ts:21:17)
2023-05-26 23:49:53 error: uncaughtException: Channel closed
Error: Channel closed
    at new NodeError (node:internal/errors:372:5)
    at process.target.send (node:internal/child_process:741:16)
    at compile (/tmp/ts-node-dev-hook-9584604029736319.js:46:21)
    at Module.m._compile (/tmp/ts-node-dev-hook-9584604029736319.js:69:44)
    at Module._extensions..js (node:internal/modules/cjs/loader:1159:10)
    at require.extensions..jsx.require.extensions..js (/tmp/ts-node-dev-hook-9584604029736319.js:114:20)
    at require.extensions.<computed> (/tmp/ts-node-dev-hook-9584604029736319.js:71:20)
    at Object.nodeDevHook [as .ts] (/home/rabindranath/Documents/Backend/yt-node-api-ts-oop/node_modules/ts-node-dev/lib/hook.js:63:13)
    at Module.load (node:internal/modules/cjs/loader:981:32)
    at Function.Module._load (node:internal/modules/cjs/loader:822:12)
2023-05-26 23:50:01 error: uncaughtException: Cannot read properties of null (reading 'indexOf')
TypeError: Cannot read properties of null (reading 'indexOf')
    at Object.parse (/home/rabindranath/Documents/Backend/yt-node-api-ts-oop/node_modules/swagger-jsdoc/node_modules/yaml/dist/parse-3997f544.js:1874:11)
    at Object.parseDocument (/home/rabindranath/Documents/Backend/yt-node-api-ts-oop/node_modules/swagger-jsdoc/node_modules/yaml/dist/index.js:41:24)
    at build (/home/rabindranath/Documents/Backend/yt-node-api-ts-oop/node_modules/swagger-jsdoc/src/specification.js:229:45)
    at module.exports (/home/rabindranath/Documents/Backend/yt-node-api-ts-oop/node_modules/swagger-jsdoc/src/lib.js:32:10)
    at App.initializeSwagger (/home/rabindranath/Documents/Backend/yt-node-api-ts-oop/src/app.ts:108:39)
    at new App (/home/rabindranath/Documents/Backend/yt-node-api-ts-oop/src/app.ts:38:10)
    at Object.<anonymous> (/home/rabindranath/Documents/Backend/yt-node-api-ts-oop/src/index.ts:9:13)
    at Module._compile (node:internal/modules/cjs/loader:1105:14)
    at Module._compile (/home/rabindranath/Documents/Backend/yt-node-api-ts-oop/node_modules/source-map-support/source-map-support.js:568:25)
    at Module.m._compile (/tmp/ts-node-dev-hook-9584604029736319.js:69:33)
2023-05-26 23:50:01 error: uncaughtException: Channel closed
Error: Channel closed
    at new NodeError (node:internal/errors:372:5)
    at process.target.send (node:internal/child_process:741:16)
    at Object.exports.send (/home/rabindranath/Documents/Backend/yt-node-api-ts-oop/node_modules/ts-node-dev/lib/ipc.js:17:14)
    at /home/rabindranath/Documents/Backend/yt-node-api-ts-oop/node_modules/ts-node-dev/lib/wrap.js:88:9
    at Object.nodeDevHook [as .ts] (/home/rabindranath/Documents/Backend/yt-node-api-ts-oop/node_modules/ts-node-dev/lib/hook.js:61:17)
    at Module.load (node:internal/modules/cjs/loader:981:32)
    at Function.Module._load (node:internal/modules/cjs/loader:822:12)
    at Module.require (node:internal/modules/cjs/loader:1005:19)
    at require (node:internal/modules/cjs/helpers:102:18)
    at tryToRequire (/home/rabindranath/Documents/Backend/yt-node-api-ts-oop/src/util/ImportUtils.ts:21:17)
2023-05-26 23:50:01 error: uncaughtException: Channel closed
Error: Channel closed
    at new NodeError (node:internal/errors:372:5)
    at process.target.send (node:internal/child_process:741:16)
    at compile (/tmp/ts-node-dev-hook-9584604029736319.js:46:21)
    at Module.m._compile (/tmp/ts-node-dev-hook-9584604029736319.js:69:44)
    at Module._extensions..js (node:internal/modules/cjs/loader:1159:10)
    at require.extensions..jsx.require.extensions..js (/tmp/ts-node-dev-hook-9584604029736319.js:114:20)
    at require.extensions.<computed> (/tmp/ts-node-dev-hook-9584604029736319.js:71:20)
    at Object.nodeDevHook [as .ts] (/home/rabindranath/Documents/Backend/yt-node-api-ts-oop/node_modules/ts-node-dev/lib/hook.js:63:13)
    at Module.load (node:internal/modules/cjs/loader:981:32)
    at Function.Module._load (node:internal/modules/cjs/loader:822:12)
2023-05-26 23:50:06 error: uncaughtException: Cannot convert undefined or null to object
TypeError: Cannot convert undefined or null to object
    at Function.keys (<anonymous>)
    at organize (/home/rabindranath/Documents/Backend/yt-node-api-ts-oop/node_modules/swagger-jsdoc/src/specification.js:155:37)
    at build (/home/rabindranath/Documents/Backend/yt-node-api-ts-oop/node_modules/swagger-jsdoc/src/specification.js:320:7)
    at module.exports (/home/rabindranath/Documents/Backend/yt-node-api-ts-oop/node_modules/swagger-jsdoc/src/lib.js:32:10)
    at App.initializeSwagger (/home/rabindranath/Documents/Backend/yt-node-api-ts-oop/src/app.ts:108:39)
    at new App (/home/rabindranath/Documents/Backend/yt-node-api-ts-oop/src/app.ts:38:10)
    at Object.<anonymous> (/home/rabindranath/Documents/Backend/yt-node-api-ts-oop/src/index.ts:9:13)
    at Module._compile (node:internal/modules/cjs/loader:1105:14)
    at Module._compile (/home/rabindranath/Documents/Backend/yt-node-api-ts-oop/node_modules/source-map-support/source-map-support.js:568:25)
    at Module.m._compile (/tmp/ts-node-dev-hook-9584604029736319.js:69:33)
2023-05-26 23:50:06 error: uncaughtException: Channel closed
Error: Channel closed
    at new NodeError (node:internal/errors:372:5)
    at process.target.send (node:internal/child_process:741:16)
    at Object.exports.send (/home/rabindranath/Documents/Backend/yt-node-api-ts-oop/node_modules/ts-node-dev/lib/ipc.js:17:14)
    at /home/rabindranath/Documents/Backend/yt-node-api-ts-oop/node_modules/ts-node-dev/lib/wrap.js:88:9
    at Object.nodeDevHook [as .ts] (/home/rabindranath/Documents/Backend/yt-node-api-ts-oop/node_modules/ts-node-dev/lib/hook.js:61:17)
    at Module.load (node:internal/modules/cjs/loader:981:32)
    at Function.Module._load (node:internal/modules/cjs/loader:822:12)
    at Module.require (node:internal/modules/cjs/loader:1005:19)
    at require (node:internal/modules/cjs/helpers:102:18)
    at tryToRequire (/home/rabindranath/Documents/Backend/yt-node-api-ts-oop/src/util/ImportUtils.ts:21:17)
2023-05-26 23:50:06 error: uncaughtException: Channel closed
Error: Channel closed
    at new NodeError (node:internal/errors:372:5)
    at process.target.send (node:internal/child_process:741:16)
    at compile (/tmp/ts-node-dev-hook-9584604029736319.js:46:21)
    at Module.m._compile (/tmp/ts-node-dev-hook-9584604029736319.js:69:44)
    at Module._extensions..js (node:internal/modules/cjs/loader:1159:10)
    at require.extensions..jsx.require.extensions..js (/tmp/ts-node-dev-hook-9584604029736319.js:114:20)
    at require.extensions.<computed> (/tmp/ts-node-dev-hook-9584604029736319.js:71:20)
    at Object.nodeDevHook [as .ts] (/home/rabindranath/Documents/Backend/yt-node-api-ts-oop/node_modules/ts-node-dev/lib/hook.js:63:13)
    at Module.load (node:internal/modules/cjs/loader:981:32)
    at Function.Module._load (node:internal/modules/cjs/loader:822:12)
