2023-05-25 22:14:44 info: =================================
2023-05-25 22:14:44 info: ======= ENV: development =======
2023-05-25 22:14:44 info: 🚀 App listening on the port 5000
2023-05-25 22:14:44 info: =================================
2023-05-25 22:14:45 info: =================================
2023-05-25 22:14:45 info: ==== DB Connection success!! ====
2023-05-25 22:14:45 info: =================================
2023-05-25 22:15:09 info: =================================
2023-05-25 22:15:09 info: ======= ENV: development =======
2023-05-25 22:15:09 info: 🚀 App listening on the port 5000
2023-05-25 22:15:09 info: =================================
2023-05-25 22:15:10 info: =================================
2023-05-25 22:15:10 info: ==== DB Connection success!! ====
2023-05-25 22:15:10 info: =================================
2023-05-25 22:15:59 info: =================================
2023-05-25 22:15:59 info: ======= ENV: development =======
2023-05-25 22:15:59 info: 🚀 App listening on the port 5000
2023-05-25 22:15:59 info: =================================
2023-05-25 22:15:59 info: =================================
2023-05-25 22:15:59 info: ==== DB Connection success!! ====
2023-05-25 22:15:59 info: =================================
2023-05-25 22:16:01 info: =================================
2023-05-25 22:16:01 info: ======= ENV: development =======
2023-05-25 22:16:01 info: 🚀 App listening on the port 5000
2023-05-25 22:16:01 info: =================================
2023-05-25 22:16:02 info: =================================
2023-05-25 22:16:02 info: ==== DB Connection success!! ====
2023-05-25 22:16:02 info: =================================
2023-05-25 22:16:04 info: =================================
2023-05-25 22:16:04 info: ======= ENV: development =======
2023-05-25 22:16:04 info: 🚀 App listening on the port 5000
2023-05-25 22:16:04 info: =================================
2023-05-25 22:16:04 info: =================================
2023-05-25 22:16:04 info: ==== DB Connection success!! ====
2023-05-25 22:16:04 info: =================================
2023-05-25 22:19:26 info: UserController - createUser
2023-05-25 22:19:26 info: UserService - createUser
2023-05-25 22:19:26 info: [0mPOST /api/v1/users [32m200[0m 162.843 ms - 290[0m
2023-05-25 22:20:02 info: UserController - createUser
2023-05-25 22:20:02 info: UserService - createUser
2023-05-25 22:20:02 info: [0mPOST /api/v1/users [32m200[0m 87.874 ms - 292[0m
2023-05-25 22:20:37 info: UserController - createUser
2023-05-25 22:20:37 info: UserService - createUser
2023-05-25 22:20:37 info: [0mPOST /api/v1/users [32m200[0m 107.333 ms - 291[0m
2023-05-25 22:20:54 info: UserController - createUser
2023-05-25 22:20:54 info: UserService - createUser
2023-05-25 22:20:54 info: [0mPOST /api/v1/users [32m200[0m 88.593 ms - 294[0m
2023-05-25 22:21:51 info: UserService - findUserByEmail with email: rferreira@gmail.com
2023-05-25 22:21:51 info: UserService - findUserWithRol
2023-05-25 22:21:51 info: [0mPOST /api/v1/login [32m200[0m 116.942 ms - -[0m
2023-05-25 22:24:20 info: UserController - getAllUsers
2023-05-25 22:24:20 info: UserService - getAllUsers
2023-05-25 22:24:20 info: [0mGET /api/v1/users [32m200[0m 9.364 ms - 928[0m
2023-05-25 22:24:56 info: UserController - deleteUserById with id 5
2023-05-25 22:24:56 info: UserService - deleteUserById with id 5
2023-05-25 22:24:56 info: [0mDELETE /api/v1/users/5 [32m200[0m 29.411 ms - 66[0m
2023-05-25 22:25:02 info: UserController - getAllUsers
2023-05-25 22:25:02 info: UserService - getAllUsers
2023-05-25 22:25:02 info: [0mGET /api/v1/users [32m200[0m 6.323 ms - 750[0m
2023-05-25 22:25:34 info: UserService - findUserByEmail with email: lperez@gmail.com
2023-05-25 22:25:34 info: [0mPOST /api/v1/login [33m401[0m 6.175 ms - -[0m
2023-05-25 22:28:27 info: =================================
2023-05-25 22:28:27 info: ======= ENV: development =======
2023-05-25 22:28:27 info: 🚀 App listening on the port 5000
2023-05-25 22:28:27 info: =================================
2023-05-25 22:28:28 info: =================================
2023-05-25 22:28:28 info: ==== DB Connection success!! ====
2023-05-25 22:28:28 info: =================================
2023-05-25 22:28:36 info: UserService - findUserByEmail with email: lperez@gmail.com
2023-05-25 22:28:36 info: [0mPOST /api/v1/login [33m401[0m 22.329 ms - -[0m
2023-05-25 22:29:29 info: UserService - findUserByEmail with email: lpereza@gmail.com
2023-05-25 22:29:29 info: UserService - findUserWithRol
2023-05-25 22:29:29 info: [0mPOST /api/v1/login [32m200[0m 102.122 ms - -[0m
2023-05-25 22:30:46 info: [0mDELETE /api/v1/users/3 [33m403[0m 10.929 ms - 86[0m
2023-05-25 22:31:22 info: =================================
2023-05-25 22:31:22 info: ======= ENV: development =======
2023-05-25 22:31:22 info: 🚀 App listening on the port 5000
2023-05-25 22:31:22 info: =================================
2023-05-25 22:31:22 info: =================================
2023-05-25 22:31:22 info: ==== DB Connection success!! ====
2023-05-25 22:31:22 info: =================================
2023-05-25 22:31:46 info: =================================
2023-05-25 22:31:46 info: ======= ENV: development =======
2023-05-25 22:31:46 info: 🚀 App listening on the port 5000
2023-05-25 22:31:46 info: =================================
2023-05-25 22:31:46 info: =================================
2023-05-25 22:31:46 info: ==== DB Connection success!! ====
2023-05-25 22:31:46 info: =================================
2023-05-25 22:31:50 info: =================================
2023-05-25 22:31:50 info: ======= ENV: development =======
2023-05-25 22:31:50 info: 🚀 App listening on the port 5000
2023-05-25 22:31:50 info: =================================
2023-05-25 22:31:50 info: =================================
2023-05-25 22:31:50 info: ==== DB Connection success!! ====
2023-05-25 22:31:50 info: =================================
2023-05-25 22:32:43 info: =================================
2023-05-25 22:32:44 info: ======= ENV: development =======
2023-05-25 22:32:44 info: 🚀 App listening on the port 5000
2023-05-25 22:32:44 info: =================================
2023-05-25 22:32:44 info: =================================
2023-05-25 22:32:44 info: ==== DB Connection success!! ====
2023-05-25 22:32:44 info: =================================
2023-05-25 22:32:51 info: =================================
2023-05-25 22:32:51 info: ======= ENV: development =======
2023-05-25 22:32:51 info: 🚀 App listening on the port 5000
2023-05-25 22:32:51 info: =================================
2023-05-25 22:32:51 info: =================================
2023-05-25 22:32:51 info: ==== DB Connection success!! ====
2023-05-25 22:32:51 info: =================================
2023-05-25 22:32:55 info: =================================
2023-05-25 22:32:55 info: ======= ENV: development =======
2023-05-25 22:32:55 info: 🚀 App listening on the port 5000
2023-05-25 22:32:55 info: =================================
2023-05-25 22:32:56 info: =================================
2023-05-25 22:32:56 info: ==== DB Connection success!! ====
2023-05-25 22:32:56 info: =================================
2023-05-25 22:33:02 info: =================================
2023-05-25 22:33:02 info: ======= ENV: development =======
2023-05-25 22:33:02 info: 🚀 App listening on the port 5000
2023-05-25 22:33:02 info: =================================
2023-05-25 22:33:02 info: =================================
2023-05-25 22:33:02 info: ==== DB Connection success!! ====
2023-05-25 22:33:02 info: =================================
2023-05-25 22:33:30 info: [0mGET /api/v1/users [33m401[0m 3.392 ms - -[0m
2023-05-25 22:33:46 info: UserController - getAllUsers
2023-05-25 22:33:46 info: UserService - getAllUsers
2023-05-25 22:33:46 info: [0mGET /api/v1/users [32m200[0m 18.661 ms - 750[0m
