2023-01-24 00:02:10 info: =================================
2023-01-24 00:02:10 info: ======= ENV: development =======
2023-01-24 00:02:10 info: 🚀 App listening on the port 5000
2023-01-24 00:02:10 info: =================================
2023-01-24 00:02:26 info: [0mGET /api/v1/alive [32m200[0m 4.372 ms - 47[0m
2023-01-24 00:08:55 info: =================================
2023-01-24 00:08:55 info: ======= ENV: development =======
2023-01-24 00:08:55 info: 🚀 App listening on the port 5000
2023-01-24 00:08:55 info: =================================
2023-01-24 00:09:32 info: =================================
2023-01-24 00:09:32 info: ======= ENV: development =======
2023-01-24 00:09:32 info: 🚀 App listening on the port 5000
2023-01-24 00:09:32 info: =================================
2023-01-24 00:09:33 info: =================================
2023-01-24 00:09:33 info: ======= ENV: development =======
2023-01-24 00:09:33 info: 🚀 App listening on the port 5000
2023-01-24 00:09:33 info: =================================
2023-01-24 00:09:34 info: =================================
2023-01-24 00:09:34 info: ======= ENV: development =======
2023-01-24 00:09:34 info: 🚀 App listening on the port 5000
2023-01-24 00:09:34 info: =================================
2023-01-24 00:09:45 info: [0mGET /api/v1/user [32m200[0m 4.823 ms - 37[0m
2023-01-24 00:10:12 info: =================================
2023-01-24 00:10:12 info: ======= ENV: development =======
2023-01-24 00:10:12 info: 🚀 App listening on the port 5000
2023-01-24 00:10:12 info: =================================
2023-01-24 00:10:23 info: =================================
2023-01-24 00:10:23 info: ======= ENV: development =======
2023-01-24 00:10:23 info: 🚀 App listening on the port 5000
2023-01-24 00:10:23 info: =================================
2023-01-24 00:10:39 info: =================================
2023-01-24 00:10:39 info: ======= ENV: development =======
2023-01-24 00:10:39 info: 🚀 App listening on the port 5000
2023-01-24 00:10:39 info: =================================
2023-01-24 00:10:49 info: =================================
2023-01-24 00:10:49 info: ======= ENV: development =======
2023-01-24 00:10:49 info: 🚀 App listening on the port 5000
2023-01-24 00:10:49 info: =================================
2023-01-24 00:11:02 info: =================================
2023-01-24 00:11:02 info: ======= ENV: development =======
2023-01-24 00:11:02 info: 🚀 App listening on the port 5000
2023-01-24 00:11:02 info: =================================
2023-01-24 00:11:09 info: =================================
2023-01-24 00:11:09 info: ======= ENV: development =======
2023-01-24 00:11:09 info: 🚀 App listening on the port 5000
2023-01-24 00:11:09 info: =================================
2023-01-24 00:11:14 info: =================================
2023-01-24 00:11:14 info: ======= ENV: development =======
2023-01-24 00:11:14 info: 🚀 App listening on the port 5000
2023-01-24 00:11:14 info: =================================
2023-01-24 00:11:18 info: =================================
2023-01-24 00:11:18 info: ======= ENV: development =======
2023-01-24 00:11:18 info: 🚀 App listening on the port 5000
2023-01-24 00:11:18 info: =================================
2023-01-24 00:11:23 info: =================================
2023-01-24 00:11:23 info: ======= ENV: development =======
2023-01-24 00:11:23 info: 🚀 App listening on the port 5000
2023-01-24 00:11:23 info: =================================
2023-01-24 00:11:29 info: =================================
2023-01-24 00:11:29 info: ======= ENV: development =======
2023-01-24 00:11:29 info: 🚀 App listening on the port 5000
2023-01-24 00:11:29 info: =================================
2023-01-24 00:11:39 info: [0mGET /api/v1/user/10 [32m200[0m 10.188 ms - 37[0m
2023-01-24 00:12:05 info: =================================
2023-01-24 00:12:05 info: ======= ENV: development =======
2023-01-24 00:12:05 info: 🚀 App listening on the port 5000
2023-01-24 00:12:05 info: =================================
2023-01-24 00:12:08 info: =================================
2023-01-24 00:12:08 info: ======= ENV: development =======
2023-01-24 00:12:08 info: 🚀 App listening on the port 5000
2023-01-24 00:12:08 info: =================================
2023-01-24 00:12:12 info: [0mGET /api/v1/user/10 [32m200[0m 7.144 ms - 37[0m
2023-01-24 00:12:24 info: =================================
2023-01-24 00:12:24 info: ======= ENV: development =======
2023-01-24 00:12:24 info: 🚀 App listening on the port 5000
2023-01-24 00:12:24 info: =================================
2023-01-24 00:12:36 info: =================================
2023-01-24 00:12:36 info: ======= ENV: development =======
2023-01-24 00:12:36 info: 🚀 App listening on the port 5000
2023-01-24 00:12:36 info: =================================
2023-01-24 00:12:43 info: =================================
2023-01-24 00:12:44 info: ======= ENV: development =======
2023-01-24 00:12:44 info: 🚀 App listening on the port 5000
2023-01-24 00:12:44 info: =================================
2023-01-24 00:12:45 info: [0mGET /api/v1/user/10 [32m200[0m 7.238 ms - 37[0m
2023-01-24 00:13:08 info: =================================
2023-01-24 00:13:08 info: ======= ENV: development =======
2023-01-24 00:13:08 info: 🚀 App listening on the port 5000
2023-01-24 00:13:08 info: =================================
2023-01-24 00:13:11 info: [0mGET /api/v1/user/10 [32m200[0m 13.957 ms - 37[0m
2023-01-24 00:13:40 info: =================================
2023-01-24 00:13:40 info: ======= ENV: development =======
2023-01-24 00:13:40 info: 🚀 App listening on the port 5000
2023-01-24 00:13:40 info: =================================
2023-01-24 00:13:41 info: =================================
2023-01-24 00:13:41 info: ======= ENV: development =======
2023-01-24 00:13:41 info: 🚀 App listening on the port 5000
2023-01-24 00:13:41 info: =================================
2023-01-24 00:13:53 info: =================================
2023-01-24 00:13:53 info: ======= ENV: development =======
2023-01-24 00:13:53 info: 🚀 App listening on the port 5000
2023-01-24 00:13:53 info: =================================
2023-01-24 00:14:02 info: =================================
2023-01-24 00:14:02 info: ======= ENV: development =======
2023-01-24 00:14:02 info: 🚀 App listening on the port 5000
2023-01-24 00:14:02 info: =================================
2023-01-24 00:14:09 info: =================================
2023-01-24 00:14:09 info: ======= ENV: development =======
2023-01-24 00:14:09 info: 🚀 App listening on the port 5000
2023-01-24 00:14:09 info: =================================
2023-01-24 00:14:16 info: =================================
2023-01-24 00:14:16 info: ======= ENV: development =======
2023-01-24 00:14:16 info: 🚀 App listening on the port 5000
2023-01-24 00:14:16 info: =================================
2023-01-24 00:14:19 info: =================================
2023-01-24 00:14:19 info: ======= ENV: development =======
2023-01-24 00:14:19 info: 🚀 App listening on the port 5000
2023-01-24 00:14:19 info: =================================
2023-01-24 00:14:24 info: =================================
2023-01-24 00:14:24 info: ======= ENV: development =======
2023-01-24 00:14:24 info: 🚀 App listening on the port 5000
2023-01-24 00:14:24 info: =================================
2023-01-24 00:14:26 info: =================================
2023-01-24 00:14:26 info: ======= ENV: development =======
2023-01-24 00:14:26 info: 🚀 App listening on the port 5000
2023-01-24 00:14:26 info: =================================
2023-01-24 00:14:31 info: =================================
2023-01-24 00:14:31 info: ======= ENV: development =======
2023-01-24 00:14:31 info: 🚀 App listening on the port 5000
2023-01-24 00:14:31 info: =================================
2023-01-24 00:14:39 info: =================================
2023-01-24 00:14:39 info: ======= ENV: development =======
2023-01-24 00:14:39 info: 🚀 App listening on the port 5000
2023-01-24 00:14:39 info: =================================
2023-01-24 00:14:43 info: =================================
2023-01-24 00:14:43 info: ======= ENV: development =======
2023-01-24 00:14:43 info: 🚀 App listening on the port 5000
2023-01-24 00:14:43 info: =================================
2023-01-24 00:14:47 info: =================================
2023-01-24 00:14:47 info: ======= ENV: development =======
2023-01-24 00:14:47 info: 🚀 App listening on the port 5000
2023-01-24 00:14:47 info: =================================
2023-01-24 00:14:52 info: =================================
2023-01-24 00:14:52 info: ======= ENV: development =======
2023-01-24 00:14:52 info: 🚀 App listening on the port 5000
2023-01-24 00:14:52 info: =================================
2023-01-24 00:15:05 info: =================================
2023-01-24 00:15:05 info: ======= ENV: development =======
2023-01-24 00:15:05 info: 🚀 App listening on the port 5000
2023-01-24 00:15:05 info: =================================
2023-01-24 00:15:16 info: =================================
2023-01-24 00:15:16 info: ======= ENV: development =======
2023-01-24 00:15:16 info: 🚀 App listening on the port 5000
2023-01-24 00:15:16 info: =================================
2023-01-24 00:15:28 info: =================================
2023-01-24 00:15:28 info: ======= ENV: development =======
2023-01-24 00:15:28 info: 🚀 App listening on the port 5000
2023-01-24 00:15:28 info: =================================
2023-01-24 00:15:32 info: =================================
2023-01-24 00:15:32 info: ======= ENV: development =======
2023-01-24 00:15:32 info: 🚀 App listening on the port 5000
2023-01-24 00:15:32 info: =================================
2023-01-24 00:15:35 info: =================================
2023-01-24 00:15:35 info: ======= ENV: development =======
2023-01-24 00:15:35 info: 🚀 App listening on the port 5000
2023-01-24 00:15:35 info: =================================
2023-01-24 00:15:55 info: =================================
2023-01-24 00:15:55 info: ======= ENV: development =======
2023-01-24 00:15:55 info: 🚀 App listening on the port 5000
2023-01-24 00:15:55 info: =================================
2023-01-24 00:16:01 info: =================================
2023-01-24 00:16:01 info: ======= ENV: development =======
2023-01-24 00:16:01 info: 🚀 App listening on the port 5000
2023-01-24 00:16:01 info: =================================
2023-01-24 00:16:18 info: =================================
2023-01-24 00:16:18 info: ======= ENV: development =======
2023-01-24 00:16:18 info: 🚀 App listening on the port 5000
2023-01-24 00:16:18 info: =================================
2023-01-24 00:16:25 info: =================================
2023-01-24 00:16:25 info: ======= ENV: development =======
2023-01-24 00:16:25 info: 🚀 App listening on the port 5000
2023-01-24 00:16:25 info: =================================
2023-01-24 00:16:26 info: =================================
2023-01-24 00:16:26 info: ======= ENV: development =======
2023-01-24 00:16:26 info: 🚀 App listening on the port 5000
2023-01-24 00:16:26 info: =================================
2023-01-24 00:16:28 info: =================================
2023-01-24 00:16:28 info: ======= ENV: development =======
2023-01-24 00:16:28 info: 🚀 App listening on the port 5000
2023-01-24 00:16:28 info: =================================
2023-01-24 00:16:31 info: =================================
2023-01-24 00:16:31 info: ======= ENV: development =======
2023-01-24 00:16:31 info: 🚀 App listening on the port 5000
2023-01-24 00:16:31 info: =================================
2023-01-24 00:16:46 info: =================================
2023-01-24 00:16:46 info: ======= ENV: development =======
2023-01-24 00:16:46 info: 🚀 App listening on the port 5000
2023-01-24 00:16:46 info: =================================
2023-01-24 00:17:09 info: [0mDELETE /api/v1/user/10 [32m200[0m 11.202 ms - 51[0m
2023-01-24 00:17:43 info: [0mPUT /api/v1/user/15 [32m200[0m 2.333 ms - 50[0m
2023-01-24 00:19:01 info: [0mPOST /api/v1/user [32m200[0m 24.582 ms - 63[0m
2023-01-24 00:19:29 info: =================================
2023-01-24 00:19:29 info: ======= ENV: development =======
2023-01-24 00:19:29 info: 🚀 App listening on the port 5000
2023-01-24 00:19:29 info: =================================
2023-01-24 00:19:36 info: =================================
2023-01-24 00:19:36 info: ======= ENV: development =======
2023-01-24 00:19:36 info: 🚀 App listening on the port 5000
2023-01-24 00:19:36 info: =================================
2023-01-24 00:19:39 info: [0mPOST /api/v1/user [32m200[0m 7.698 ms - 63[0m
2023-01-24 00:19:55 info: =================================
2023-01-24 00:19:55 info: ======= ENV: development =======
2023-01-24 00:19:55 info: 🚀 App listening on the port 5000
2023-01-24 00:19:55 info: =================================
2023-01-24 00:20:43 info: [0mPOST /api/v1/user [32m200[0m 25.529 ms - 63[0m
2023-01-24 00:21:26 info: =================================
2023-01-24 00:21:26 info: ======= ENV: development =======
2023-01-24 00:21:26 info: 🚀 App listening on the port 5000
2023-01-24 00:21:26 info: =================================
2023-01-24 00:21:31 info: =================================
2023-01-24 00:21:31 info: ======= ENV: development =======
2023-01-24 00:21:31 info: 🚀 App listening on the port 5000
2023-01-24 00:21:31 info: =================================
2023-01-24 00:21:35 info: =================================
2023-01-24 00:21:35 info: ======= ENV: development =======
2023-01-24 00:21:35 info: 🚀 App listening on the port 5000
2023-01-24 00:21:35 info: =================================
2023-01-24 00:21:51 info: =================================
2023-01-24 00:21:51 info: ======= ENV: development =======
2023-01-24 00:21:51 info: 🚀 App listening on the port 5000
2023-01-24 00:21:51 info: =================================
2023-01-24 00:21:55 info: =================================
2023-01-24 00:21:55 info: ======= ENV: development =======
2023-01-24 00:21:55 info: 🚀 App listening on the port 5000
2023-01-24 00:21:55 info: =================================
2023-01-24 00:22:00 info: =================================
2023-01-24 00:22:00 info: ======= ENV: development =======
2023-01-24 00:22:00 info: 🚀 App listening on the port 5000
2023-01-24 00:22:00 info: =================================
2023-01-24 00:22:20 info: =================================
2023-01-24 00:22:20 info: ======= ENV: development =======
2023-01-24 00:22:20 info: 🚀 App listening on the port 5000
2023-01-24 00:22:20 info: =================================
2023-01-24 00:22:23 info: =================================
2023-01-24 00:22:23 info: ======= ENV: development =======
2023-01-24 00:22:23 info: 🚀 App listening on the port 5000
2023-01-24 00:22:23 info: =================================
2023-01-24 00:23:05 info: [0mPUT /api/v1/user [33m404[0m 15.773 ms - 150[0m
2023-01-24 00:23:29 info: [0mPUT /api/v1/user/15 [32m200[0m 6.833 ms - 50[0m
2023-01-24 00:23:44 info: =================================
2023-01-24 00:23:44 info: ======= ENV: development =======
2023-01-24 00:23:44 info: 🚀 App listening on the port 5000
2023-01-24 00:23:44 info: =================================
2023-01-24 00:23:46 info: =================================
2023-01-24 00:23:46 info: ======= ENV: development =======
2023-01-24 00:23:46 info: 🚀 App listening on the port 5000
2023-01-24 00:23:46 info: =================================
2023-01-24 00:23:48 info: =================================
2023-01-24 00:23:48 info: ======= ENV: development =======
2023-01-24 00:23:48 info: 🚀 App listening on the port 5000
2023-01-24 00:23:48 info: =================================
2023-01-24 00:23:51 info: =================================
2023-01-24 00:23:51 info: ======= ENV: development =======
2023-01-24 00:23:51 info: 🚀 App listening on the port 5000
2023-01-24 00:23:51 info: =================================
