2023-05-21 20:06:51 info: =================================
2023-05-21 20:06:51 info: ======= ENV: development =======
2023-05-21 20:06:51 info: 🚀 App listening on the port 5000
2023-05-21 20:06:51 info: =================================
2023-05-21 20:07:52 info: =================================
2023-05-21 20:07:52 info: ======= ENV: development =======
2023-05-21 20:07:52 info: 🚀 App listening on the port 5000
2023-05-21 20:07:52 info: =================================
2023-05-21 20:11:03 info: =================================
2023-05-21 20:11:03 info: ======= ENV: development =======
2023-05-21 20:11:03 info: 🚀 App listening on the port 5000
2023-05-21 20:11:03 info: =================================
2023-05-21 20:11:03 info: =================================
2023-05-21 20:11:03 info: ==== DB Connection success!! ====
2023-05-21 20:11:03 info: =================================
2023-05-21 20:14:22 info: =================================
2023-05-21 20:14:22 info: ======= ENV: development =======
2023-05-21 20:14:22 info: 🚀 App listening on the port 5000
2023-05-21 20:14:22 info: =================================
2023-05-21 20:14:23 info: =================================
2023-05-21 20:14:23 info: ==== DB Connection success!! ====
2023-05-21 20:14:23 info: =================================
2023-05-21 20:14:29 info: =================================
2023-05-21 20:14:29 info: ======= ENV: development =======
2023-05-21 20:14:29 info: 🚀 App listening on the port 5000
2023-05-21 20:14:29 info: =================================
2023-05-21 20:14:29 info: =================================
2023-05-21 20:14:29 info: ==== DB Connection success!! ====
2023-05-21 20:14:29 info: =================================
2023-05-21 20:14:37 info: =================================
2023-05-21 20:14:37 info: ======= ENV: development =======
2023-05-21 20:14:37 info: 🚀 App listening on the port 5000
2023-05-21 20:14:37 info: =================================
2023-05-21 20:14:37 info: =================================
2023-05-21 20:14:37 info: ==== DB Connection success!! ====
2023-05-21 20:14:37 info: =================================
2023-05-21 20:14:56 info: =================================
2023-05-21 20:14:56 info: ======= ENV: development =======
2023-05-21 20:14:56 info: 🚀 App listening on the port 5000
2023-05-21 20:14:56 info: =================================
2023-05-21 20:14:56 info: =================================
2023-05-21 20:14:56 info: ==== DB Connection success!! ====
2023-05-21 20:14:56 info: =================================
2023-05-21 20:29:06 info: =================================
2023-05-21 20:29:06 info: ======= ENV: development =======
2023-05-21 20:29:06 info: 🚀 App listening on the port 5000
2023-05-21 20:29:06 info: =================================
2023-05-21 20:29:06 info: =================================
2023-05-21 20:29:06 info: ==== DB Connection success!! ====
2023-05-21 20:29:06 info: =================================
2023-05-21 20:29:36 info: UserController - createUser
2023-05-21 20:29:36 info: UserService - createUser
2023-05-21 20:29:36 info: [0mPOST /api/v1/users [32m200[0m 188.749 ms - 297[0m
2023-05-21 20:30:00 info: CustomerController - createCustomer
2023-05-21 20:30:00 info: CustomerService - createCustomer
2023-05-21 20:30:00 info: [0mPOST /api/v1/customers/ [32m200[0m 32.516 ms - 163[0m
2023-05-21 20:30:18 info: UserController - getUserByIdWithRelation with id 1
2023-05-21 20:30:18 info: UserService - getUserByIdWithRel with id 1
2023-05-21 20:30:18 info: [0mGET /api/v1/users/rel/1 [32m200[0m 18.690 ms - 344[0m
