2023-05-26 23:21:20 info: =================================
2023-05-26 23:21:20 info: ======= ENV: development =======
2023-05-26 23:21:20 info: 🚀 App listening on the port 5000
2023-05-26 23:21:20 info: =================================
2023-05-26 23:21:20 info: =================================
2023-05-26 23:21:20 info: ==== DB Connection success!! ====
2023-05-26 23:21:20 info: =================================
2023-05-26 23:21:29 info: [0mGET /api/v1/docs [36m301[0m 7.601 ms - 189[0m
2023-05-26 23:21:29 info: [0mGET /api/v1/docs/ [32m200[0m 5.508 ms - 3106[0m
2023-05-26 23:21:29 info: [0mGET /api/v1/docs/swagger-ui-init.js [32m200[0m 1.447 ms - 1699[0m
2023-05-26 23:21:29 info: [0mGET /api/v1/docs/swagger-ui.css [32m200[0m 18.584 ms - 145206[0m
2023-05-26 23:21:29 info: [0mGET /api/v1/docs/swagger-ui-standalone-preset.js [32m200[0m 16.162 ms - 322501[0m
2023-05-26 23:21:29 info: [0mGET /api/v1/docs/swagger-ui-bundle.js [32m200[0m 16.971 ms - 1046304[0m
2023-05-26 23:21:30 info: [0mGET /api/v1/docs/favicon-32x32.png [32m200[0m 1.810 ms - 628[0m
2023-05-26 23:22:11 info: =================================
2023-05-26 23:22:11 info: ======= ENV: development =======
2023-05-26 23:22:11 info: 🚀 App listening on the port 5000
2023-05-26 23:22:11 info: =================================
2023-05-26 23:22:11 info: =================================
2023-05-26 23:22:11 info: ==== DB Connection success!! ====
2023-05-26 23:22:11 info: =================================
2023-05-26 23:23:21 info: =================================
2023-05-26 23:23:21 info: ======= ENV: development =======
2023-05-26 23:23:21 info: 🚀 App listening on the port 5000
2023-05-26 23:23:21 info: =================================
2023-05-26 23:23:21 info: =================================
2023-05-26 23:23:21 info: ==== DB Connection success!! ====
2023-05-26 23:23:21 info: =================================
2023-05-26 23:23:29 info: =================================
2023-05-26 23:23:29 info: ======= ENV: development =======
2023-05-26 23:23:29 info: 🚀 App listening on the port 5000
2023-05-26 23:23:29 info: =================================
2023-05-26 23:23:30 info: =================================
2023-05-26 23:23:30 info: ==== DB Connection success!! ====
2023-05-26 23:23:30 info: =================================
2023-05-26 23:23:35 info: =================================
2023-05-26 23:23:35 info: ======= ENV: development =======
2023-05-26 23:23:35 info: 🚀 App listening on the port 5000
2023-05-26 23:23:35 info: =================================
2023-05-26 23:23:35 info: =================================
2023-05-26 23:23:35 info: ==== DB Connection success!! ====
2023-05-26 23:23:35 info: =================================
2023-05-26 23:23:39 info: =================================
2023-05-26 23:23:39 info: ==== DB Connection success!! ====
2023-05-26 23:23:39 info: =================================
2023-05-26 23:23:45 info: =================================
2023-05-26 23:23:45 info: ==== DB Connection success!! ====
2023-05-26 23:23:45 info: =================================
2023-05-26 23:23:50 info: =================================
2023-05-26 23:23:50 info: ======= ENV: development =======
2023-05-26 23:23:50 info: 🚀 App listening on the port 5000
2023-05-26 23:23:50 info: =================================
2023-05-26 23:23:53 info: =================================
2023-05-26 23:23:53 info: ======= ENV: development =======
2023-05-26 23:23:53 info: 🚀 App listening on the port 5000
2023-05-26 23:23:53 info: =================================
2023-05-26 23:23:53 info: =================================
2023-05-26 23:23:53 info: ==== DB Connection success!! ====
2023-05-26 23:23:53 info: =================================
2023-05-26 23:23:57 info: =================================
2023-05-26 23:23:57 info: ======= ENV: development =======
2023-05-26 23:23:57 info: 🚀 App listening on the port 5000
2023-05-26 23:23:57 info: =================================
2023-05-26 23:23:57 info: =================================
2023-05-26 23:23:57 info: ==== DB Connection success!! ====
2023-05-26 23:23:57 info: =================================
2023-05-26 23:24:03 info: =================================
2023-05-26 23:24:03 info: ======= ENV: development =======
2023-05-26 23:24:03 info: 🚀 App listening on the port 5000
2023-05-26 23:24:03 info: =================================
2023-05-26 23:24:04 info: =================================
2023-05-26 23:24:04 info: ==== DB Connection success!! ====
2023-05-26 23:24:04 info: =================================
2023-05-26 23:24:13 info: =================================
2023-05-26 23:24:13 info: ======= ENV: development =======
2023-05-26 23:24:13 info: 🚀 App listening on the port 5000
2023-05-26 23:24:13 info: =================================
2023-05-26 23:24:13 info: =================================
2023-05-26 23:24:13 info: ==== DB Connection success!! ====
2023-05-26 23:24:13 info: =================================
2023-05-26 23:24:22 info: =================================
2023-05-26 23:24:22 info: ======= ENV: development =======
2023-05-26 23:24:22 info: 🚀 App listening on the port 5000
2023-05-26 23:24:22 info: =================================
2023-05-26 23:24:22 info: =================================
2023-05-26 23:24:22 info: ==== DB Connection success!! ====
2023-05-26 23:24:22 info: =================================
2023-05-26 23:24:27 info: =================================
2023-05-26 23:24:27 info: ==== DB Connection success!! ====
2023-05-26 23:24:27 info: =================================
2023-05-26 23:24:33 info: =================================
2023-05-26 23:24:33 info: ==== DB Connection success!! ====
2023-05-26 23:24:33 info: =================================
2023-05-26 23:24:37 info: =================================
2023-05-26 23:24:37 info: ======= ENV: development =======
2023-05-26 23:24:37 info: 🚀 App listening on the port 5000
2023-05-26 23:24:37 info: =================================
2023-05-26 23:24:38 info: =================================
2023-05-26 23:24:38 info: ==== DB Connection success!! ====
2023-05-26 23:24:38 info: =================================
2023-05-26 23:24:47 info: =================================
2023-05-26 23:24:47 info: ======= ENV: development =======
2023-05-26 23:24:47 info: 🚀 App listening on the port 5000
2023-05-26 23:24:47 info: =================================
2023-05-26 23:24:48 info: =================================
2023-05-26 23:24:48 info: ==== DB Connection success!! ====
2023-05-26 23:24:48 info: =================================
2023-05-26 23:24:53 info: =================================
2023-05-26 23:24:53 info: ======= ENV: development =======
2023-05-26 23:24:53 info: 🚀 App listening on the port 5000
2023-05-26 23:24:53 info: =================================
2023-05-26 23:24:53 info: =================================
2023-05-26 23:24:53 info: ==== DB Connection success!! ====
2023-05-26 23:24:53 info: =================================
2023-05-26 23:25:00 info: =================================
2023-05-26 23:25:00 info: ======= ENV: development =======
2023-05-26 23:25:00 info: 🚀 App listening on the port 5000
2023-05-26 23:25:00 info: =================================
2023-05-26 23:25:00 info: =================================
2023-05-26 23:25:00 info: ==== DB Connection success!! ====
2023-05-26 23:25:00 info: =================================
2023-05-26 23:25:03 info: =================================
2023-05-26 23:25:03 info: ======= ENV: development =======
2023-05-26 23:25:03 info: 🚀 App listening on the port 5000
2023-05-26 23:25:03 info: =================================
2023-05-26 23:25:04 info: =================================
2023-05-26 23:25:04 info: ==== DB Connection success!! ====
2023-05-26 23:25:04 info: =================================
2023-05-26 23:25:10 info: =================================
2023-05-26 23:25:10 info: ======= ENV: development =======
2023-05-26 23:25:10 info: 🚀 App listening on the port 5000
2023-05-26 23:25:10 info: =================================
2023-05-26 23:25:10 info: =================================
2023-05-26 23:25:10 info: ==== DB Connection success!! ====
2023-05-26 23:25:10 info: =================================
2023-05-26 23:25:22 info: =================================
2023-05-26 23:25:22 info: ======= ENV: development =======
2023-05-26 23:25:22 info: 🚀 App listening on the port 5000
2023-05-26 23:25:22 info: =================================
2023-05-26 23:25:22 info: =================================
2023-05-26 23:25:22 info: ==== DB Connection success!! ====
2023-05-26 23:25:22 info: =================================
2023-05-26 23:25:27 info: =================================
2023-05-26 23:25:27 info: ======= ENV: development =======
2023-05-26 23:25:27 info: 🚀 App listening on the port 5000
2023-05-26 23:25:27 info: =================================
2023-05-26 23:25:27 info: =================================
2023-05-26 23:25:27 info: ==== DB Connection success!! ====
2023-05-26 23:25:27 info: =================================
2023-05-26 23:25:31 info: =================================
2023-05-26 23:25:31 info: ======= ENV: development =======
2023-05-26 23:25:31 info: 🚀 App listening on the port 5000
2023-05-26 23:25:31 info: =================================
2023-05-26 23:25:31 info: =================================
2023-05-26 23:25:31 info: ==== DB Connection success!! ====
2023-05-26 23:25:31 info: =================================
2023-05-26 23:25:43 info: =================================
2023-05-26 23:25:43 info: ======= ENV: development =======
2023-05-26 23:25:43 info: 🚀 App listening on the port 5000
2023-05-26 23:25:43 info: =================================
2023-05-26 23:25:44 info: =================================
2023-05-26 23:25:44 info: ==== DB Connection success!! ====
2023-05-26 23:25:44 info: =================================
2023-05-26 23:25:51 info: =================================
2023-05-26 23:25:51 info: ======= ENV: development =======
2023-05-26 23:25:51 info: 🚀 App listening on the port 5000
2023-05-26 23:25:51 info: =================================
2023-05-26 23:25:51 info: =================================
2023-05-26 23:25:51 info: ==== DB Connection success!! ====
2023-05-26 23:25:51 info: =================================
2023-05-26 23:26:04 info: =================================
2023-05-26 23:26:04 info: ======= ENV: development =======
2023-05-26 23:26:04 info: 🚀 App listening on the port 5000
2023-05-26 23:26:04 info: =================================
2023-05-26 23:26:05 info: =================================
2023-05-26 23:26:05 info: ==== DB Connection success!! ====
2023-05-26 23:26:05 info: =================================
2023-05-26 23:26:09 info: =================================
2023-05-26 23:26:09 info: ======= ENV: development =======
2023-05-26 23:26:09 info: 🚀 App listening on the port 5000
2023-05-26 23:26:09 info: =================================
2023-05-26 23:26:10 info: =================================
2023-05-26 23:26:10 info: ==== DB Connection success!! ====
2023-05-26 23:26:10 info: =================================
2023-05-26 23:26:11 info: [0mGET /api/v1/docs/ [36m304[0m 8.628 ms - -[0m
2023-05-26 23:26:11 info: [0mGET /api/v1/docs/swagger-ui.css [36m304[0m 4.466 ms - -[0m
2023-05-26 23:26:11 info: [0mGET /api/v1/docs/swagger-ui-init.js [32m200[0m 1.141 ms - 1800[0m
2023-05-26 23:26:11 info: [0mGET /api/v1/docs/swagger-ui-bundle.js [36m304[0m 6.726 ms - -[0m
2023-05-26 23:26:11 info: [0mGET /api/v1/docs/swagger-ui-standalone-preset.js [36m304[0m 11.063 ms - -[0m
2023-05-26 23:26:41 info: =================================
2023-05-26 23:26:41 info: ======= ENV: development =======
2023-05-26 23:26:41 info: 🚀 App listening on the port 5000
2023-05-26 23:26:41 info: =================================
2023-05-26 23:26:42 info: =================================
2023-05-26 23:26:42 info: ==== DB Connection success!! ====
2023-05-26 23:26:42 info: =================================
2023-05-26 23:26:46 info: =================================
2023-05-26 23:26:46 info: ======= ENV: development =======
2023-05-26 23:26:46 info: 🚀 App listening on the port 5000
2023-05-26 23:26:46 info: =================================
2023-05-26 23:26:47 info: =================================
2023-05-26 23:26:47 info: ==== DB Connection success!! ====
2023-05-26 23:26:47 info: =================================
2023-05-26 23:26:47 info: [0mGET /api/v1/docs/ [36m304[0m 8.098 ms - -[0m
2023-05-26 23:26:47 info: [0mGET /api/v1/docs/swagger-ui.css [36m304[0m 3.164 ms - -[0m
2023-05-26 23:26:47 info: [0mGET /api/v1/docs/swagger-ui-init.js [36m304[0m 0.767 ms - -[0m
2023-05-26 23:26:47 info: [0mGET /api/v1/docs/swagger-ui-bundle.js [36m304[0m 4.724 ms - -[0m
2023-05-26 23:26:47 info: [0mGET /api/v1/docs/swagger-ui-standalone-preset.js [36m304[0m 2.556 ms - -[0m
2023-05-26 23:27:25 info: =================================
2023-05-26 23:27:25 info: ======= ENV: development =======
2023-05-26 23:27:25 info: 🚀 App listening on the port 5000
2023-05-26 23:27:25 info: =================================
2023-05-26 23:27:25 info: =================================
2023-05-26 23:27:25 info: ==== DB Connection success!! ====
2023-05-26 23:27:25 info: =================================
2023-05-26 23:27:27 info: [0mGET /api/v1/docs/ [36m304[0m 15.858 ms - -[0m
2023-05-26 23:27:27 info: [0mGET /api/v1/docs/swagger-ui.css [36m304[0m 5.768 ms - -[0m
2023-05-26 23:27:27 info: [0mGET /api/v1/docs/swagger-ui-bundle.js [36m304[0m 1.209 ms - -[0m
2023-05-26 23:27:27 info: [0mGET /api/v1/docs/swagger-ui-standalone-preset.js [36m304[0m 1.367 ms - -[0m
2023-05-26 23:27:27 info: [0mGET /api/v1/docs/swagger-ui-init.js [36m304[0m 0.647 ms - -[0m
2023-05-26 23:27:45 info: =================================
2023-05-26 23:27:45 info: ======= ENV: development =======
2023-05-26 23:27:45 info: 🚀 App listening on the port 5000
2023-05-26 23:27:46 info: =================================
2023-05-26 23:27:46 info: =================================
2023-05-26 23:27:46 info: ==== DB Connection success!! ====
2023-05-26 23:27:46 info: =================================
2023-05-26 23:27:47 info: [0mGET /api/v1/docs/ [36m304[0m 7.564 ms - -[0m
2023-05-26 23:27:47 info: [0mGET /api/v1/docs/swagger-ui.css [36m304[0m 2.556 ms - -[0m
2023-05-26 23:27:47 info: [0mGET /api/v1/docs/swagger-ui-bundle.js [36m304[0m 1.686 ms - -[0m
2023-05-26 23:27:47 info: [0mGET /api/v1/docs/swagger-ui-init.js [36m304[0m 1.243 ms - -[0m
2023-05-26 23:27:47 info: [0mGET /api/v1/docs/swagger-ui-standalone-preset.js [36m304[0m 4.437 ms - -[0m
2023-05-26 23:27:55 info: =================================
2023-05-26 23:27:55 info: ======= ENV: development =======
2023-05-26 23:27:55 info: 🚀 App listening on the port 5000
2023-05-26 23:27:55 info: =================================
2023-05-26 23:27:56 info: =================================
2023-05-26 23:27:56 info: ==== DB Connection success!! ====
2023-05-26 23:27:56 info: =================================
2023-05-26 23:27:56 info: [0mGET /api/v1/docs/ [36m304[0m 9.952 ms - -[0m
2023-05-26 23:27:56 info: [0mGET /api/v1/docs/swagger-ui.css [36m304[0m 3.323 ms - -[0m
2023-05-26 23:27:56 info: [0mGET /api/v1/docs/swagger-ui-init.js [32m200[0m 1.399 ms - 2108[0m
2023-05-26 23:27:56 info: [0mGET /api/v1/docs/swagger-ui-bundle.js [36m304[0m 6.762 ms - -[0m
2023-05-26 23:27:56 info: [0mGET /api/v1/docs/swagger-ui-standalone-preset.js [36m304[0m 3.041 ms - -[0m
2023-05-26 23:29:08 info: =================================
2023-05-26 23:29:08 info: ======= ENV: development =======
2023-05-26 23:29:08 info: 🚀 App listening on the port 5000
2023-05-26 23:29:08 info: =================================
2023-05-26 23:29:08 info: =================================
2023-05-26 23:29:08 info: ==== DB Connection success!! ====
2023-05-26 23:29:08 info: =================================
2023-05-26 23:29:13 info: =================================
2023-05-26 23:29:13 info: ======= ENV: development =======
2023-05-26 23:29:13 info: 🚀 App listening on the port 5000
2023-05-26 23:29:13 info: =================================
2023-05-26 23:29:14 info: =================================
2023-05-26 23:29:14 info: ==== DB Connection success!! ====
2023-05-26 23:29:14 info: =================================
2023-05-26 23:29:18 info: =================================
2023-05-26 23:29:18 info: ======= ENV: development =======
2023-05-26 23:29:18 info: 🚀 App listening on the port 5000
2023-05-26 23:29:18 info: =================================
2023-05-26 23:29:18 info: =================================
2023-05-26 23:29:18 info: ==== DB Connection success!! ====
2023-05-26 23:29:18 info: =================================
2023-05-26 23:29:46 info: =================================
2023-05-26 23:29:46 info: ======= ENV: development =======
2023-05-26 23:29:46 info: 🚀 App listening on the port 5000
2023-05-26 23:29:46 info: =================================
2023-05-26 23:29:46 info: =================================
2023-05-26 23:29:46 info: ==== DB Connection success!! ====
2023-05-26 23:29:46 info: =================================
2023-05-26 23:29:46 info: [0mGET /api/v1/docs/ [36m304[0m 6.908 ms - -[0m
2023-05-26 23:29:46 info: [0mGET /api/v1/docs/swagger-ui.css [36m304[0m 3.506 ms - -[0m
2023-05-26 23:29:46 info: [0mGET /api/v1/docs/swagger-ui-init.js [32m200[0m 1.188 ms - 2193[0m
2023-05-26 23:29:46 info: [0mGET /api/v1/docs/swagger-ui-bundle.js [36m304[0m 2.524 ms - -[0m
2023-05-26 23:29:46 info: [0mGET /api/v1/docs/swagger-ui-standalone-preset.js [36m304[0m 1.768 ms - -[0m
2023-05-26 23:30:46 info: =================================
2023-05-26 23:30:46 info: ==== DB Connection success!! ====
2023-05-26 23:30:46 info: =================================
2023-05-26 23:30:51 info: =================================
2023-05-26 23:30:51 info: ==== DB Connection success!! ====
2023-05-26 23:30:51 info: =================================
2023-05-26 23:30:56 info: =================================
2023-05-26 23:30:56 info: ======= ENV: development =======
2023-05-26 23:30:56 info: 🚀 App listening on the port 5000
2023-05-26 23:30:56 info: =================================
2023-05-26 23:30:56 info: =================================
2023-05-26 23:30:56 info: ==== DB Connection success!! ====
2023-05-26 23:30:56 info: =================================
2023-05-26 23:30:59 info: =================================
2023-05-26 23:30:59 info: ======= ENV: development =======
2023-05-26 23:30:59 info: 🚀 App listening on the port 5000
2023-05-26 23:30:59 info: =================================
2023-05-26 23:30:59 info: =================================
2023-05-26 23:30:59 info: ==== DB Connection success!! ====
2023-05-26 23:30:59 info: =================================
2023-05-26 23:31:05 info: =================================
2023-05-26 23:31:05 info: ======= ENV: development =======
2023-05-26 23:31:05 info: 🚀 App listening on the port 5000
2023-05-26 23:31:05 info: =================================
2023-05-26 23:31:05 info: =================================
2023-05-26 23:31:05 info: ==== DB Connection success!! ====
2023-05-26 23:31:05 info: =================================
2023-05-26 23:31:08 info: =================================
2023-05-26 23:31:08 info: ======= ENV: development =======
2023-05-26 23:31:08 info: 🚀 App listening on the port 5000
2023-05-26 23:31:08 info: =================================
2023-05-26 23:31:09 info: =================================
2023-05-26 23:31:09 info: ==== DB Connection success!! ====
2023-05-26 23:31:09 info: =================================
2023-05-26 23:31:13 info: =================================
2023-05-26 23:31:13 info: ======= ENV: development =======
2023-05-26 23:31:13 info: 🚀 App listening on the port 5000
2023-05-26 23:31:13 info: =================================
2023-05-26 23:31:13 info: =================================
2023-05-26 23:31:13 info: ==== DB Connection success!! ====
2023-05-26 23:31:13 info: =================================
2023-05-26 23:31:24 info: =================================
2023-05-26 23:31:24 info: ======= ENV: development =======
2023-05-26 23:31:24 info: 🚀 App listening on the port 5000
2023-05-26 23:31:24 info: =================================
2023-05-26 23:31:24 info: =================================
2023-05-26 23:31:24 info: ==== DB Connection success!! ====
2023-05-26 23:31:24 info: =================================
2023-05-26 23:31:28 info: =================================
2023-05-26 23:31:28 info: ======= ENV: development =======
2023-05-26 23:31:28 info: 🚀 App listening on the port 5000
2023-05-26 23:31:28 info: =================================
2023-05-26 23:31:28 info: =================================
2023-05-26 23:31:28 info: ==== DB Connection success!! ====
2023-05-26 23:31:28 info: =================================
2023-05-26 23:32:10 info: =================================
2023-05-26 23:32:10 info: ======= ENV: development =======
2023-05-26 23:32:10 info: 🚀 App listening on the port 5000
2023-05-26 23:32:10 info: =================================
2023-05-26 23:32:11 info: =================================
2023-05-26 23:32:11 info: ==== DB Connection success!! ====
2023-05-26 23:32:11 info: =================================
2023-05-26 23:32:18 info: =================================
2023-05-26 23:32:18 info: ======= ENV: development =======
2023-05-26 23:32:18 info: 🚀 App listening on the port 5000
2023-05-26 23:32:18 info: =================================
2023-05-26 23:32:19 info: =================================
2023-05-26 23:32:19 info: ==== DB Connection success!! ====
2023-05-26 23:32:19 info: =================================
2023-05-26 23:32:43 info: =================================
2023-05-26 23:32:43 info: ======= ENV: development =======
2023-05-26 23:32:43 info: 🚀 App listening on the port 5000
2023-05-26 23:32:43 info: =================================
2023-05-26 23:32:43 info: =================================
2023-05-26 23:32:43 info: ==== DB Connection success!! ====
2023-05-26 23:32:43 info: =================================
2023-05-26 23:32:46 info: =================================
2023-05-26 23:32:46 info: ======= ENV: development =======
2023-05-26 23:32:46 info: 🚀 App listening on the port 5000
2023-05-26 23:32:46 info: =================================
2023-05-26 23:32:47 info: =================================
2023-05-26 23:32:47 info: ==== DB Connection success!! ====
2023-05-26 23:32:47 info: =================================
2023-05-26 23:33:01 info: =================================
2023-05-26 23:33:01 info: ======= ENV: development =======
2023-05-26 23:33:01 info: 🚀 App listening on the port 5000
2023-05-26 23:33:01 info: =================================
2023-05-26 23:33:02 info: =================================
2023-05-26 23:33:02 info: ==== DB Connection success!! ====
2023-05-26 23:33:02 info: =================================
2023-05-26 23:33:07 info: =================================
2023-05-26 23:33:07 info: ======= ENV: development =======
2023-05-26 23:33:07 info: 🚀 App listening on the port 5000
2023-05-26 23:33:07 info: =================================
2023-05-26 23:33:08 info: =================================
2023-05-26 23:33:08 info: ==== DB Connection success!! ====
2023-05-26 23:33:08 info: =================================
2023-05-26 23:33:18 info: =================================
2023-05-26 23:33:18 info: ======= ENV: development =======
2023-05-26 23:33:18 info: 🚀 App listening on the port 5000
2023-05-26 23:33:18 info: =================================
2023-05-26 23:33:18 info: =================================
2023-05-26 23:33:18 info: ==== DB Connection success!! ====
2023-05-26 23:33:18 info: =================================
2023-05-26 23:33:38 info: =================================
2023-05-26 23:33:38 info: ======= ENV: development =======
2023-05-26 23:33:38 info: 🚀 App listening on the port 5000
2023-05-26 23:33:38 info: =================================
2023-05-26 23:33:38 info: =================================
2023-05-26 23:33:38 info: ==== DB Connection success!! ====
2023-05-26 23:33:38 info: =================================
2023-05-26 23:33:47 info: =================================
2023-05-26 23:33:47 info: ======= ENV: development =======
2023-05-26 23:33:47 info: 🚀 App listening on the port 5000
2023-05-26 23:33:47 info: =================================
2023-05-26 23:33:47 info: =================================
2023-05-26 23:33:47 info: ==== DB Connection success!! ====
2023-05-26 23:33:47 info: =================================
2023-05-26 23:34:04 info: =================================
2023-05-26 23:34:04 info: ======= ENV: development =======
2023-05-26 23:34:04 info: 🚀 App listening on the port 5000
2023-05-26 23:34:04 info: =================================
2023-05-26 23:34:04 info: =================================
2023-05-26 23:34:04 info: ==== DB Connection success!! ====
2023-05-26 23:34:04 info: =================================
2023-05-26 23:34:08 info: =================================
2023-05-26 23:34:08 info: ======= ENV: development =======
2023-05-26 23:34:08 info: 🚀 App listening on the port 5000
2023-05-26 23:34:08 info: =================================
2023-05-26 23:34:09 info: =================================
2023-05-26 23:34:09 info: ==== DB Connection success!! ====
2023-05-26 23:34:09 info: =================================
2023-05-26 23:34:16 info: =================================
2023-05-26 23:34:16 info: ======= ENV: development =======
2023-05-26 23:34:16 info: 🚀 App listening on the port 5000
2023-05-26 23:34:16 info: =================================
2023-05-26 23:34:16 info: =================================
2023-05-26 23:34:16 info: ==== DB Connection success!! ====
2023-05-26 23:34:16 info: =================================
2023-05-26 23:34:25 info: =================================
2023-05-26 23:34:25 info: ======= ENV: development =======
2023-05-26 23:34:25 info: 🚀 App listening on the port 5000
2023-05-26 23:34:25 info: =================================
2023-05-26 23:34:26 info: =================================
2023-05-26 23:34:26 info: ==== DB Connection success!! ====
2023-05-26 23:34:26 info: =================================
2023-05-26 23:34:30 info: =================================
2023-05-26 23:34:30 info: ======= ENV: development =======
2023-05-26 23:34:30 info: 🚀 App listening on the port 5000
2023-05-26 23:34:30 info: =================================
2023-05-26 23:34:31 info: =================================
2023-05-26 23:34:31 info: ==== DB Connection success!! ====
2023-05-26 23:34:31 info: =================================
2023-05-26 23:34:42 info: =================================
2023-05-26 23:34:42 info: ======= ENV: development =======
2023-05-26 23:34:42 info: 🚀 App listening on the port 5000
2023-05-26 23:34:42 info: =================================
2023-05-26 23:34:42 info: =================================
2023-05-26 23:34:42 info: ==== DB Connection success!! ====
2023-05-26 23:34:42 info: =================================
2023-05-26 23:34:51 info: =================================
2023-05-26 23:34:51 info: ======= ENV: development =======
2023-05-26 23:34:51 info: 🚀 App listening on the port 5000
2023-05-26 23:34:51 info: =================================
2023-05-26 23:34:51 info: =================================
2023-05-26 23:34:51 info: ==== DB Connection success!! ====
2023-05-26 23:34:51 info: =================================
2023-05-26 23:34:57 info: =================================
2023-05-26 23:34:57 info: ======= ENV: development =======
2023-05-26 23:34:57 info: 🚀 App listening on the port 5000
2023-05-26 23:34:57 info: =================================
2023-05-26 23:34:57 info: =================================
2023-05-26 23:34:57 info: ==== DB Connection success!! ====
2023-05-26 23:34:57 info: =================================
2023-05-26 23:35:01 info: =================================
2023-05-26 23:35:01 info: ======= ENV: development =======
2023-05-26 23:35:01 info: 🚀 App listening on the port 5000
2023-05-26 23:35:01 info: =================================
2023-05-26 23:35:02 info: =================================
2023-05-26 23:35:02 info: ==== DB Connection success!! ====
2023-05-26 23:35:02 info: =================================
2023-05-26 23:35:27 info: =================================
2023-05-26 23:35:27 info: ======= ENV: development =======
2023-05-26 23:35:27 info: 🚀 App listening on the port 5000
2023-05-26 23:35:27 info: =================================
2023-05-26 23:35:27 info: =================================
2023-05-26 23:35:27 info: ==== DB Connection success!! ====
2023-05-26 23:35:27 info: =================================
2023-05-26 23:35:32 info: =================================
2023-05-26 23:35:32 info: ======= ENV: development =======
2023-05-26 23:35:32 info: 🚀 App listening on the port 5000
2023-05-26 23:35:32 info: =================================
2023-05-26 23:35:33 info: =================================
2023-05-26 23:35:33 info: ==== DB Connection success!! ====
2023-05-26 23:35:33 info: =================================
2023-05-26 23:35:35 info: =================================
2023-05-26 23:35:35 info: ======= ENV: development =======
2023-05-26 23:35:35 info: 🚀 App listening on the port 5000
2023-05-26 23:35:35 info: =================================
2023-05-26 23:35:35 info: =================================
2023-05-26 23:35:35 info: ==== DB Connection success!! ====
2023-05-26 23:35:35 info: =================================
2023-05-26 23:36:02 info: =================================
2023-05-26 23:36:02 info: ======= ENV: development =======
2023-05-26 23:36:02 info: 🚀 App listening on the port 5000
2023-05-26 23:36:02 info: =================================
2023-05-26 23:36:03 info: =================================
2023-05-26 23:36:03 info: ==== DB Connection success!! ====
2023-05-26 23:36:03 info: =================================
2023-05-26 23:36:09 info: =================================
2023-05-26 23:36:09 info: ======= ENV: development =======
2023-05-26 23:36:09 info: 🚀 App listening on the port 5000
2023-05-26 23:36:09 info: =================================
2023-05-26 23:36:09 info: =================================
2023-05-26 23:36:09 info: ==== DB Connection success!! ====
2023-05-26 23:36:09 info: =================================
2023-05-26 23:36:17 info: =================================
2023-05-26 23:36:17 info: ======= ENV: development =======
2023-05-26 23:36:17 info: 🚀 App listening on the port 5000
2023-05-26 23:36:17 info: =================================
2023-05-26 23:36:17 info: =================================
2023-05-26 23:36:17 info: ==== DB Connection success!! ====
2023-05-26 23:36:17 info: =================================
2023-05-26 23:36:24 info: =================================
2023-05-26 23:36:24 info: ======= ENV: development =======
2023-05-26 23:36:24 info: 🚀 App listening on the port 5000
2023-05-26 23:36:24 info: =================================
2023-05-26 23:36:24 info: =================================
2023-05-26 23:36:24 info: ==== DB Connection success!! ====
2023-05-26 23:36:24 info: =================================
2023-05-26 23:36:27 info: =================================
2023-05-26 23:36:27 info: ======= ENV: development =======
2023-05-26 23:36:27 info: 🚀 App listening on the port 5000
2023-05-26 23:36:27 info: =================================
2023-05-26 23:36:27 info: =================================
2023-05-26 23:36:27 info: ==== DB Connection success!! ====
2023-05-26 23:36:27 info: =================================
2023-05-26 23:36:32 info: =================================
2023-05-26 23:36:32 info: ======= ENV: development =======
2023-05-26 23:36:32 info: 🚀 App listening on the port 5000
2023-05-26 23:36:32 info: =================================
2023-05-26 23:36:32 info: =================================
2023-05-26 23:36:32 info: ==== DB Connection success!! ====
2023-05-26 23:36:32 info: =================================
2023-05-26 23:36:40 info: =================================
2023-05-26 23:36:40 info: ======= ENV: development =======
2023-05-26 23:36:40 info: 🚀 App listening on the port 5000
2023-05-26 23:36:40 info: =================================
2023-05-26 23:36:41 info: =================================
2023-05-26 23:36:41 info: ==== DB Connection success!! ====
2023-05-26 23:36:41 info: =================================
2023-05-26 23:36:49 info: =================================
2023-05-26 23:36:49 info: ======= ENV: development =======
2023-05-26 23:36:49 info: 🚀 App listening on the port 5000
2023-05-26 23:36:49 info: =================================
2023-05-26 23:36:50 info: =================================
2023-05-26 23:36:50 info: ==== DB Connection success!! ====
2023-05-26 23:36:50 info: =================================
2023-05-26 23:36:56 info: =================================
2023-05-26 23:36:56 info: ======= ENV: development =======
2023-05-26 23:36:56 info: 🚀 App listening on the port 5000
2023-05-26 23:36:56 info: =================================
2023-05-26 23:36:56 info: =================================
2023-05-26 23:36:56 info: ==== DB Connection success!! ====
2023-05-26 23:36:56 info: =================================
2023-05-26 23:37:00 info: =================================
2023-05-26 23:37:00 info: ======= ENV: development =======
2023-05-26 23:37:00 info: 🚀 App listening on the port 5000
2023-05-26 23:37:00 info: =================================
2023-05-26 23:37:01 info: =================================
2023-05-26 23:37:01 info: ==== DB Connection success!! ====
2023-05-26 23:37:01 info: =================================
2023-05-26 23:37:25 info: =================================
2023-05-26 23:37:25 info: ======= ENV: development =======
2023-05-26 23:37:25 info: 🚀 App listening on the port 5000
2023-05-26 23:37:25 info: =================================
2023-05-26 23:37:26 info: =================================
2023-05-26 23:37:26 info: ==== DB Connection success!! ====
2023-05-26 23:37:26 info: =================================
2023-05-26 23:37:29 info: =================================
2023-05-26 23:37:29 info: ======= ENV: development =======
2023-05-26 23:37:29 info: 🚀 App listening on the port 5000
2023-05-26 23:37:29 info: =================================
2023-05-26 23:37:29 info: =================================
2023-05-26 23:37:29 info: ==== DB Connection success!! ====
2023-05-26 23:37:29 info: =================================
2023-05-26 23:37:30 info: [0mGET /api/v1/docs/ [36m304[0m 13.989 ms - -[0m
2023-05-26 23:37:30 info: [0mGET /api/v1/docs/swagger-ui.css [36m304[0m 2.918 ms - -[0m
2023-05-26 23:37:30 info: [0mGET /api/v1/docs/swagger-ui-init.js [32m200[0m 1.068 ms - 3431[0m
2023-05-26 23:37:30 info: [0mGET /api/v1/docs/swagger-ui-bundle.js [36m304[0m 7.532 ms - -[0m
2023-05-26 23:37:30 info: [0mGET /api/v1/docs/swagger-ui-standalone-preset.js [36m304[0m 7.235 ms - -[0m
2023-05-26 23:38:12 info: =================================
2023-05-26 23:38:12 info: ======= ENV: development =======
2023-05-26 23:38:12 info: 🚀 App listening on the port 5000
2023-05-26 23:38:12 info: =================================
2023-05-26 23:38:12 info: =================================
2023-05-26 23:38:12 info: ==== DB Connection success!! ====
2023-05-26 23:38:12 info: =================================
2023-05-26 23:38:24 info: =================================
2023-05-26 23:38:24 info: ======= ENV: development =======
2023-05-26 23:38:24 info: 🚀 App listening on the port 5000
2023-05-26 23:38:24 info: =================================
2023-05-26 23:38:25 info: =================================
2023-05-26 23:38:25 info: ==== DB Connection success!! ====
2023-05-26 23:38:25 info: =================================
2023-05-26 23:38:25 info: [0mGET /api/v1/docs/ [36m304[0m 7.349 ms - -[0m
2023-05-26 23:38:25 info: [0mGET /api/v1/docs/swagger-ui.css [36m304[0m 2.928 ms - -[0m
2023-05-26 23:38:25 info: [0mGET /api/v1/docs/swagger-ui-init.js [32m200[0m 0.653 ms - 3709[0m
2023-05-26 23:38:25 info: [0mGET /api/v1/docs/swagger-ui-bundle.js [36m304[0m 4.814 ms - -[0m
2023-05-26 23:38:25 info: [0mGET /api/v1/docs/swagger-ui-standalone-preset.js [36m304[0m 4.200 ms - -[0m
2023-05-26 23:39:14 info: =================================
2023-05-26 23:39:14 info: ======= ENV: development =======
2023-05-26 23:39:14 info: 🚀 App listening on the port 5000
2023-05-26 23:39:14 info: =================================
2023-05-26 23:39:14 info: =================================
2023-05-26 23:39:14 info: ==== DB Connection success!! ====
2023-05-26 23:39:14 info: =================================
2023-05-26 23:39:39 info: =================================
2023-05-26 23:39:39 info: ==== DB Connection success!! ====
2023-05-26 23:39:39 info: =================================
2023-05-26 23:39:47 info: =================================
2023-05-26 23:39:47 info: ======= ENV: development =======
2023-05-26 23:39:47 info: 🚀 App listening on the port 5000
2023-05-26 23:39:47 info: =================================
2023-05-26 23:39:47 info: =================================
2023-05-26 23:39:47 info: ==== DB Connection success!! ====
2023-05-26 23:39:47 info: =================================
2023-05-26 23:39:53 info: =================================
2023-05-26 23:39:53 info: ======= ENV: development =======
2023-05-26 23:39:53 info: 🚀 App listening on the port 5000
2023-05-26 23:39:53 info: =================================
2023-05-26 23:39:54 info: =================================
2023-05-26 23:39:54 info: ==== DB Connection success!! ====
2023-05-26 23:39:54 info: =================================
2023-05-26 23:39:57 info: =================================
2023-05-26 23:39:57 info: ======= ENV: development =======
2023-05-26 23:39:57 info: 🚀 App listening on the port 5000
2023-05-26 23:39:57 info: =================================
2023-05-26 23:39:58 info: =================================
2023-05-26 23:39:58 info: ==== DB Connection success!! ====
2023-05-26 23:39:58 info: =================================
2023-05-26 23:40:01 info: =================================
2023-05-26 23:40:01 info: ======= ENV: development =======
2023-05-26 23:40:01 info: 🚀 App listening on the port 5000
2023-05-26 23:40:01 info: =================================
2023-05-26 23:40:02 info: =================================
2023-05-26 23:40:02 info: ==== DB Connection success!! ====
2023-05-26 23:40:02 info: =================================
2023-05-26 23:40:15 info: =================================
2023-05-26 23:40:15 info: ======= ENV: development =======
2023-05-26 23:40:15 info: 🚀 App listening on the port 5000
2023-05-26 23:40:15 info: =================================
2023-05-26 23:40:15 info: =================================
2023-05-26 23:40:15 info: ==== DB Connection success!! ====
2023-05-26 23:40:15 info: =================================
2023-05-26 23:40:20 info: =================================
2023-05-26 23:40:20 info: ======= ENV: development =======
2023-05-26 23:40:20 info: 🚀 App listening on the port 5000
2023-05-26 23:40:20 info: =================================
2023-05-26 23:40:20 info: =================================
2023-05-26 23:40:20 info: ==== DB Connection success!! ====
2023-05-26 23:40:20 info: =================================
2023-05-26 23:40:29 info: =================================
2023-05-26 23:40:29 info: ======= ENV: development =======
2023-05-26 23:40:29 info: 🚀 App listening on the port 5000
2023-05-26 23:40:29 info: =================================
2023-05-26 23:40:29 info: =================================
2023-05-26 23:40:29 info: ==== DB Connection success!! ====
2023-05-26 23:40:29 info: =================================
2023-05-26 23:40:39 info: =================================
2023-05-26 23:40:39 info: ======= ENV: development =======
2023-05-26 23:40:39 info: 🚀 App listening on the port 5000
2023-05-26 23:40:39 info: =================================
2023-05-26 23:40:39 info: =================================
2023-05-26 23:40:39 info: ==== DB Connection success!! ====
2023-05-26 23:40:39 info: =================================
2023-05-26 23:40:41 info: =================================
2023-05-26 23:40:41 info: ======= ENV: development =======
2023-05-26 23:40:41 info: 🚀 App listening on the port 5000
2023-05-26 23:40:41 info: =================================
2023-05-26 23:40:42 info: =================================
2023-05-26 23:40:42 info: ==== DB Connection success!! ====
2023-05-26 23:40:42 info: =================================
2023-05-26 23:40:47 info: =================================
2023-05-26 23:40:47 info: ======= ENV: development =======
2023-05-26 23:40:47 info: 🚀 App listening on the port 5000
2023-05-26 23:40:47 info: =================================
2023-05-26 23:40:50 info: =================================
2023-05-26 23:40:50 info: ======= ENV: development =======
2023-05-26 23:40:50 info: 🚀 App listening on the port 5000
2023-05-26 23:40:50 info: =================================
2023-05-26 23:40:50 info: =================================
2023-05-26 23:40:50 info: ==== DB Connection success!! ====
2023-05-26 23:40:50 info: =================================
2023-05-26 23:40:52 info: [0mGET /api/v1/docs/ [36m304[0m 7.480 ms - -[0m
2023-05-26 23:40:52 info: [0mGET /api/v1/docs/swagger-ui.css [36m304[0m 2.453 ms - -[0m
2023-05-26 23:40:52 info: [0mGET /api/v1/docs/swagger-ui-init.js [36m304[0m 0.742 ms - -[0m
2023-05-26 23:40:52 info: [0mGET /api/v1/docs/swagger-ui-bundle.js [36m304[0m 5.801 ms - -[0m
2023-05-26 23:40:52 info: [0mGET /api/v1/docs/swagger-ui-standalone-preset.js [36m304[0m 6.663 ms - -[0m
2023-05-26 23:41:04 info: =================================
2023-05-26 23:41:04 info: ======= ENV: development =======
2023-05-26 23:41:04 info: 🚀 App listening on the port 5000
2023-05-26 23:41:04 info: =================================
2023-05-26 23:41:05 info: =================================
2023-05-26 23:41:05 info: ==== DB Connection success!! ====
2023-05-26 23:41:05 info: =================================
2023-05-26 23:41:10 info: [0mGET /api/v1/docs/ [36m304[0m 7.506 ms - -[0m
2023-05-26 23:41:10 info: [0mGET /api/v1/docs/swagger-ui.css [36m304[0m 2.966 ms - -[0m
2023-05-26 23:41:10 info: [0mGET /api/v1/docs/swagger-ui-init.js [32m200[0m 1.248 ms - 4098[0m
2023-05-26 23:41:10 info: [0mGET /api/v1/docs/swagger-ui-bundle.js [36m304[0m 7.058 ms - -[0m
2023-05-26 23:41:10 info: [0mGET /api/v1/docs/swagger-ui-standalone-preset.js [36m304[0m 8.681 ms - -[0m
2023-05-26 23:41:32 info: =================================
2023-05-26 23:41:32 info: ======= ENV: development =======
2023-05-26 23:41:32 info: 🚀 App listening on the port 5000
2023-05-26 23:41:32 info: =================================
2023-05-26 23:41:32 info: =================================
2023-05-26 23:41:32 info: ==== DB Connection success!! ====
2023-05-26 23:41:32 info: =================================
2023-05-26 23:41:39 info: =================================
2023-05-26 23:41:39 info: ======= ENV: development =======
2023-05-26 23:41:39 info: 🚀 App listening on the port 5000
2023-05-26 23:41:39 info: =================================
2023-05-26 23:41:39 info: =================================
2023-05-26 23:41:39 info: ==== DB Connection success!! ====
2023-05-26 23:41:39 info: =================================
2023-05-26 23:41:43 info: =================================
2023-05-26 23:41:43 info: ======= ENV: development =======
2023-05-26 23:41:43 info: 🚀 App listening on the port 5000
2023-05-26 23:41:43 info: =================================
2023-05-26 23:41:43 info: =================================
2023-05-26 23:41:43 info: ==== DB Connection success!! ====
2023-05-26 23:41:43 info: =================================
2023-05-26 23:41:51 info: =================================
2023-05-26 23:41:51 info: ======= ENV: development =======
2023-05-26 23:41:51 info: 🚀 App listening on the port 5000
2023-05-26 23:41:51 info: =================================
2023-05-26 23:41:52 info: =================================
2023-05-26 23:41:52 info: ==== DB Connection success!! ====
2023-05-26 23:41:52 info: =================================
2023-05-26 23:41:55 info: =================================
2023-05-26 23:41:55 info: ======= ENV: development =======
2023-05-26 23:41:55 info: 🚀 App listening on the port 5000
2023-05-26 23:41:55 info: =================================
2023-05-26 23:41:55 info: =================================
2023-05-26 23:41:55 info: ==== DB Connection success!! ====
2023-05-26 23:41:55 info: =================================
2023-05-26 23:41:59 info: =================================
2023-05-26 23:41:59 info: ======= ENV: development =======
2023-05-26 23:41:59 info: 🚀 App listening on the port 5000
2023-05-26 23:41:59 info: =================================
2023-05-26 23:42:00 info: =================================
2023-05-26 23:42:00 info: ==== DB Connection success!! ====
2023-05-26 23:42:00 info: =================================
2023-05-26 23:42:02 info: =================================
2023-05-26 23:42:02 info: ======= ENV: development =======
2023-05-26 23:42:02 info: 🚀 App listening on the port 5000
2023-05-26 23:42:02 info: =================================
2023-05-26 23:42:02 info: =================================
2023-05-26 23:42:02 info: ==== DB Connection success!! ====
2023-05-26 23:42:02 info: =================================
2023-05-26 23:42:07 info: =================================
2023-05-26 23:42:07 info: ======= ENV: development =======
2023-05-26 23:42:07 info: 🚀 App listening on the port 5000
2023-05-26 23:42:07 info: =================================
2023-05-26 23:42:07 info: =================================
2023-05-26 23:42:07 info: ==== DB Connection success!! ====
2023-05-26 23:42:07 info: =================================
2023-05-26 23:42:10 info: =================================
2023-05-26 23:42:10 info: ======= ENV: development =======
2023-05-26 23:42:10 info: 🚀 App listening on the port 5000
2023-05-26 23:42:10 info: =================================
2023-05-26 23:42:10 info: =================================
2023-05-26 23:42:10 info: ==== DB Connection success!! ====
2023-05-26 23:42:10 info: =================================
2023-05-26 23:42:15 info: =================================
2023-05-26 23:42:15 info: ======= ENV: development =======
2023-05-26 23:42:15 info: 🚀 App listening on the port 5000
2023-05-26 23:42:15 info: =================================
2023-05-26 23:42:15 info: =================================
2023-05-26 23:42:15 info: ==== DB Connection success!! ====
2023-05-26 23:42:15 info: =================================
2023-05-26 23:42:28 info: =================================
2023-05-26 23:42:28 info: ======= ENV: development =======
2023-05-26 23:42:28 info: 🚀 App listening on the port 5000
2023-05-26 23:42:28 info: =================================
2023-05-26 23:42:28 info: =================================
2023-05-26 23:42:28 info: ==== DB Connection success!! ====
2023-05-26 23:42:28 info: =================================
2023-05-26 23:42:31 info: =================================
2023-05-26 23:42:31 info: ======= ENV: development =======
2023-05-26 23:42:31 info: 🚀 App listening on the port 5000
2023-05-26 23:42:31 info: =================================
2023-05-26 23:42:31 info: =================================
2023-05-26 23:42:31 info: ==== DB Connection success!! ====
2023-05-26 23:42:31 info: =================================
2023-05-26 23:42:35 info: =================================
2023-05-26 23:42:35 info: ======= ENV: development =======
2023-05-26 23:42:35 info: 🚀 App listening on the port 5000
2023-05-26 23:42:35 info: =================================
2023-05-26 23:42:36 info: =================================
2023-05-26 23:42:36 info: ==== DB Connection success!! ====
2023-05-26 23:42:36 info: =================================
2023-05-26 23:42:52 info: [0mGET /api/v1/docs/ [36m304[0m 9.967 ms - -[0m
2023-05-26 23:42:52 info: [0mGET /api/v1/docs/swagger-ui.css [36m304[0m 5.422 ms - -[0m
2023-05-26 23:42:52 info: [0mGET /api/v1/docs/swagger-ui-bundle.js [36m304[0m 1.273 ms - -[0m
2023-05-26 23:42:52 info: [0mGET /api/v1/docs/swagger-ui-init.js [32m200[0m 1.548 ms - 3709[0m
2023-05-26 23:42:52 info: [0mGET /api/v1/docs/swagger-ui-standalone-preset.js [36m304[0m 5.344 ms - -[0m
2023-05-26 23:44:25 info: =================================
2023-05-26 23:44:25 info: ==== DB Connection success!! ====
2023-05-26 23:44:25 info: =================================
2023-05-26 23:44:31 info: =================================
2023-05-26 23:44:31 info: ======= ENV: development =======
2023-05-26 23:44:31 info: 🚀 App listening on the port 5000
2023-05-26 23:44:31 info: =================================
2023-05-26 23:44:32 info: =================================
2023-05-26 23:44:32 info: ==== DB Connection success!! ====
2023-05-26 23:44:32 info: =================================
2023-05-26 23:44:36 info: =================================
2023-05-26 23:44:36 info: ======= ENV: development =======
2023-05-26 23:44:36 info: 🚀 App listening on the port 5000
2023-05-26 23:44:36 info: =================================
2023-05-26 23:44:36 info: =================================
2023-05-26 23:44:36 info: ==== DB Connection success!! ====
2023-05-26 23:44:36 info: =================================
2023-05-26 23:44:42 info: =================================
2023-05-26 23:44:42 info: ======= ENV: development =======
2023-05-26 23:44:42 info: 🚀 App listening on the port 5000
2023-05-26 23:44:42 info: =================================
2023-05-26 23:44:42 info: =================================
2023-05-26 23:44:42 info: ==== DB Connection success!! ====
2023-05-26 23:44:42 info: =================================
2023-05-26 23:44:46 info: =================================
2023-05-26 23:44:46 info: ======= ENV: development =======
2023-05-26 23:44:46 info: 🚀 App listening on the port 5000
2023-05-26 23:44:46 info: =================================
2023-05-26 23:44:47 info: =================================
2023-05-26 23:44:47 info: ==== DB Connection success!! ====
2023-05-26 23:44:47 info: =================================
2023-05-26 23:44:49 info: [0mGET /api/v1/docs/ [36m304[0m 7.088 ms - -[0m
2023-05-26 23:44:49 info: [0mGET /api/v1/docs/swagger-ui.css [36m304[0m 3.099 ms - -[0m
2023-05-26 23:44:49 info: [0mGET /api/v1/docs/swagger-ui-init.js [32m200[0m 1.174 ms - 4405[0m
2023-05-26 23:44:49 info: [0mGET /api/v1/docs/swagger-ui-bundle.js [36m304[0m 6.776 ms - -[0m
2023-05-26 23:44:49 info: [0mGET /api/v1/docs/swagger-ui-standalone-preset.js [36m304[0m 7.723 ms - -[0m
2023-05-26 23:45:34 info: =================================
2023-05-26 23:45:34 info: ======= ENV: development =======
2023-05-26 23:45:34 info: 🚀 App listening on the port 5000
2023-05-26 23:45:34 info: =================================
2023-05-26 23:45:34 info: =================================
2023-05-26 23:45:34 info: ==== DB Connection success!! ====
2023-05-26 23:45:34 info: =================================
2023-05-26 23:46:02 info: =================================
2023-05-26 23:46:02 info: ======= ENV: development =======
2023-05-26 23:46:02 info: 🚀 App listening on the port 5000
2023-05-26 23:46:02 info: =================================
2023-05-26 23:46:02 info: =================================
2023-05-26 23:46:02 info: ==== DB Connection success!! ====
2023-05-26 23:46:02 info: =================================
2023-05-26 23:46:19 info: =================================
2023-05-26 23:46:19 info: ======= ENV: development =======
2023-05-26 23:46:19 info: 🚀 App listening on the port 5000
2023-05-26 23:46:19 info: =================================
2023-05-26 23:46:19 info: =================================
2023-05-26 23:46:19 info: ==== DB Connection success!! ====
2023-05-26 23:46:19 info: =================================
2023-05-26 23:46:22 info: [0mGET /api/v1/docs/ [36m304[0m 7.047 ms - -[0m
2023-05-26 23:46:22 info: [0mGET /api/v1/docs/swagger-ui.css [36m304[0m 3.167 ms - -[0m
2023-05-26 23:46:22 info: [0mGET /api/v1/docs/swagger-ui-init.js [32m200[0m 1.035 ms - 5918[0m
2023-05-26 23:46:22 info: [0mGET /api/v1/docs/swagger-ui-bundle.js [36m304[0m 6.657 ms - -[0m
2023-05-26 23:46:22 info: [0mGET /api/v1/docs/swagger-ui-standalone-preset.js [36m304[0m 6.163 ms - -[0m
2023-05-26 23:47:18 info: =================================
2023-05-26 23:47:18 info: ======= ENV: development =======
2023-05-26 23:47:18 info: 🚀 App listening on the port 5000
2023-05-26 23:47:18 info: =================================
2023-05-26 23:47:19 info: =================================
2023-05-26 23:47:19 info: ==== DB Connection success!! ====
2023-05-26 23:47:19 info: =================================
2023-05-26 23:47:22 info: =================================
2023-05-26 23:47:22 info: ======= ENV: development =======
2023-05-26 23:47:22 info: 🚀 App listening on the port 5000
2023-05-26 23:47:22 info: =================================
2023-05-26 23:47:23 info: =================================
2023-05-26 23:47:23 info: ==== DB Connection success!! ====
2023-05-26 23:47:23 info: =================================
2023-05-26 23:47:48 info: =================================
2023-05-26 23:47:48 info: ======= ENV: development =======
2023-05-26 23:47:48 info: 🚀 App listening on the port 5000
2023-05-26 23:47:48 info: =================================
2023-05-26 23:47:49 info: =================================
2023-05-26 23:47:49 info: ==== DB Connection success!! ====
2023-05-26 23:47:49 info: =================================
2023-05-26 23:48:00 info: =================================
2023-05-26 23:48:00 info: ======= ENV: development =======
2023-05-26 23:48:00 info: 🚀 App listening on the port 5000
2023-05-26 23:48:00 info: =================================
2023-05-26 23:48:00 info: =================================
2023-05-26 23:48:00 info: ==== DB Connection success!! ====
2023-05-26 23:48:00 info: =================================
2023-05-26 23:48:06 info: =================================
2023-05-26 23:48:06 info: ======= ENV: development =======
2023-05-26 23:48:06 info: 🚀 App listening on the port 5000
2023-05-26 23:48:06 info: =================================
2023-05-26 23:48:06 info: =================================
2023-05-26 23:48:06 info: ==== DB Connection success!! ====
2023-05-26 23:48:06 info: =================================
2023-05-26 23:48:33 info: =================================
2023-05-26 23:48:33 info: ======= ENV: development =======
2023-05-26 23:48:33 info: 🚀 App listening on the port 5000
2023-05-26 23:48:33 info: =================================
2023-05-26 23:48:33 info: =================================
2023-05-26 23:48:33 info: ==== DB Connection success!! ====
2023-05-26 23:48:33 info: =================================
2023-05-26 23:48:55 info: =================================
2023-05-26 23:48:55 info: ======= ENV: development =======
2023-05-26 23:48:55 info: 🚀 App listening on the port 5000
2023-05-26 23:48:55 info: =================================
2023-05-26 23:48:56 info: =================================
2023-05-26 23:48:56 info: ==== DB Connection success!! ====
2023-05-26 23:48:56 info: =================================
2023-05-26 23:48:57 info: [0mGET /api/v1/docs/ [36m304[0m 6.994 ms - -[0m
2023-05-26 23:48:57 info: [0mGET /api/v1/docs/swagger-ui.css [36m304[0m 3.164 ms - -[0m
2023-05-26 23:48:57 info: [0mGET /api/v1/docs/swagger-ui-init.js [32m200[0m 0.724 ms - 8528[0m
2023-05-26 23:48:57 info: [0mGET /api/v1/docs/swagger-ui-bundle.js [36m304[0m 5.623 ms - -[0m
2023-05-26 23:48:57 info: [0mGET /api/v1/docs/swagger-ui-standalone-preset.js [36m304[0m 6.766 ms - -[0m
2023-05-26 23:50:01 info: =================================
2023-05-26 23:50:01 info: ==== DB Connection success!! ====
2023-05-26 23:50:01 info: =================================
2023-05-26 23:50:06 info: =================================
2023-05-26 23:50:06 info: ==== DB Connection success!! ====
2023-05-26 23:50:06 info: =================================
2023-05-26 23:50:11 info: =================================
2023-05-26 23:50:11 info: ======= ENV: development =======
2023-05-26 23:50:11 info: 🚀 App listening on the port 5000
2023-05-26 23:50:11 info: =================================
2023-05-26 23:50:12 info: =================================
2023-05-26 23:50:12 info: ==== DB Connection success!! ====
2023-05-26 23:50:12 info: =================================
2023-05-26 23:50:14 info: =================================
2023-05-26 23:50:14 info: ======= ENV: development =======
2023-05-26 23:50:14 info: 🚀 App listening on the port 5000
2023-05-26 23:50:14 info: =================================
2023-05-26 23:50:15 info: =================================
2023-05-26 23:50:15 info: ==== DB Connection success!! ====
2023-05-26 23:50:15 info: =================================
2023-05-26 23:50:19 info: =================================
2023-05-26 23:50:19 info: ======= ENV: development =======
2023-05-26 23:50:19 info: 🚀 App listening on the port 5000
2023-05-26 23:50:19 info: =================================
2023-05-26 23:50:20 info: =================================
2023-05-26 23:50:20 info: ==== DB Connection success!! ====
2023-05-26 23:50:20 info: =================================
2023-05-26 23:50:26 info: =================================
2023-05-26 23:50:26 info: ======= ENV: development =======
2023-05-26 23:50:26 info: 🚀 App listening on the port 5000
2023-05-26 23:50:26 info: =================================
2023-05-26 23:50:27 info: =================================
2023-05-26 23:50:27 info: ==== DB Connection success!! ====
2023-05-26 23:50:27 info: =================================
2023-05-26 23:50:31 info: =================================
2023-05-26 23:50:31 info: ======= ENV: development =======
2023-05-26 23:50:31 info: 🚀 App listening on the port 5000
2023-05-26 23:50:31 info: =================================
2023-05-26 23:50:31 info: =================================
2023-05-26 23:50:31 info: ==== DB Connection success!! ====
2023-05-26 23:50:31 info: =================================
2023-05-26 23:50:35 info: =================================
2023-05-26 23:50:35 info: ======= ENV: development =======
2023-05-26 23:50:35 info: 🚀 App listening on the port 5000
2023-05-26 23:50:35 info: =================================
2023-05-26 23:50:35 info: =================================
2023-05-26 23:50:35 info: ==== DB Connection success!! ====
2023-05-26 23:50:35 info: =================================
2023-05-26 23:50:42 info: =================================
2023-05-26 23:50:42 info: ======= ENV: development =======
2023-05-26 23:50:42 info: 🚀 App listening on the port 5000
2023-05-26 23:50:42 info: =================================
2023-05-26 23:50:42 info: =================================
2023-05-26 23:50:42 info: ==== DB Connection success!! ====
2023-05-26 23:50:42 info: =================================
2023-05-26 23:50:49 info: =================================
2023-05-26 23:50:49 info: ======= ENV: development =======
2023-05-26 23:50:49 info: 🚀 App listening on the port 5000
2023-05-26 23:50:49 info: =================================
2023-05-26 23:50:49 info: =================================
2023-05-26 23:50:49 info: ==== DB Connection success!! ====
2023-05-26 23:50:49 info: =================================
2023-05-26 23:50:52 info: [0mGET /api/v1/docs/ [36m304[0m 7.601 ms - -[0m
2023-05-26 23:50:52 info: [0mGET /api/v1/docs/swagger-ui.css [36m304[0m 3.039 ms - -[0m
2023-05-26 23:50:52 info: [0mGET /api/v1/docs/swagger-ui-init.js [32m200[0m 1.130 ms - 8686[0m
2023-05-26 23:50:52 info: [0mGET /api/v1/docs/swagger-ui-bundle.js [36m304[0m 1.898 ms - -[0m
2023-05-26 23:50:52 info: [0mGET /api/v1/docs/swagger-ui-standalone-preset.js [36m304[0m 0.960 ms - -[0m
2023-05-26 23:51:15 info: UserService - findUserByEmail with email: lpereza@gmail.com
2023-05-26 23:51:15 info: UserService - findUserWithRol
2023-05-26 23:51:15 info: [0mPOST /api/v1/login [32m200[0m 162.016 ms - -[0m
2023-05-26 23:51:45 info: [0mGET /api/v1/users [33m401[0m 1.167 ms - -[0m
2023-05-26 23:51:47 info: [0mGET /api/v1/users [33m401[0m 0.483 ms - -[0m
2023-05-26 23:52:15 info: =================================
2023-05-26 23:52:15 info: ======= ENV: development =======
2023-05-26 23:52:15 info: 🚀 App listening on the port 5000
2023-05-26 23:52:15 info: =================================
2023-05-26 23:52:15 info: =================================
2023-05-26 23:52:15 info: ==== DB Connection success!! ====
2023-05-26 23:52:15 info: =================================
2023-05-26 23:52:23 info: =================================
2023-05-26 23:52:23 info: ======= ENV: development =======
2023-05-26 23:52:23 info: 🚀 App listening on the port 5000
2023-05-26 23:52:23 info: =================================
2023-05-26 23:52:26 info: =================================
2023-05-26 23:52:26 info: ======= ENV: development =======
2023-05-26 23:52:26 info: 🚀 App listening on the port 5000
2023-05-26 23:52:26 info: =================================
2023-05-26 23:52:26 info: =================================
2023-05-26 23:52:26 info: ==== DB Connection success!! ====
2023-05-26 23:52:26 info: =================================
2023-05-26 23:52:26 info: [0mGET /api/v1/docs/ [36m304[0m 6.651 ms - -[0m
2023-05-26 23:52:26 info: [0mGET /api/v1/docs/swagger-ui.css [36m304[0m 2.901 ms - -[0m
2023-05-26 23:52:26 info: [0mGET /api/v1/docs/swagger-ui-bundle.js [36m304[0m 1.661 ms - -[0m
2023-05-26 23:52:26 info: [0mGET /api/v1/docs/swagger-ui-init.js [32m200[0m 0.990 ms - 8782[0m
2023-05-26 23:52:26 info: [0mGET /api/v1/docs/swagger-ui-standalone-preset.js [36m304[0m 4.599 ms - -[0m
2023-05-26 23:52:59 info: UserController - getAllUsers
2023-05-26 23:52:59 info: UserService - getAllUsers
2023-05-26 23:52:59 info: [0mGET /api/v1/users [32m200[0m 15.344 ms - 750[0m
2023-05-26 23:53:05 info: UserController - getAllUsers
2023-05-26 23:53:05 info: UserService - getAllUsers
2023-05-26 23:53:05 info: [0mGET /api/v1/users [36m304[0m 9.755 ms - -[0m
