2023-03-23 01:03:12 info: =================================
2023-03-23 01:03:12 info: ======= ENV: development =======
2023-03-23 01:03:12 info: 🚀 App listening on the port 5000
2023-03-23 01:03:12 info: =================================
2023-03-23 01:04:10 info: =================================
2023-03-23 01:04:10 info: ======= ENV: development =======
2023-03-23 01:04:10 info: 🚀 App listening on the port 5000
2023-03-23 01:04:10 info: =================================
2023-03-23 01:05:07 info: =================================
2023-03-23 01:05:07 info: ======= ENV: development =======
2023-03-23 01:05:07 info: 🚀 App listening on the port 5000
2023-03-23 01:05:07 info: =================================
2023-03-23 01:05:07 info: =================================
2023-03-23 01:05:07 info: ==== DB Connection success!! ====
2023-03-23 01:05:07 info: =================================
2023-03-23 01:07:37 info: =================================
2023-03-23 01:07:37 info: ======= ENV: development =======
2023-03-23 01:07:37 info: 🚀 App listening on the port 5000
2023-03-23 01:07:37 info: =================================
2023-03-23 01:07:38 info: =================================
2023-03-23 01:07:38 info: ==== DB Connection success!! ====
2023-03-23 01:07:38 info: =================================
2023-03-23 01:11:32 info: =================================
2023-03-23 01:11:32 info: ======= ENV: development =======
2023-03-23 01:11:32 info: 🚀 App listening on the port 5000
2023-03-23 01:11:32 info: =================================
2023-03-23 01:11:32 info: =================================
2023-03-23 01:11:32 info: ==== DB Connection success!! ====
2023-03-23 01:11:32 info: =================================
2023-03-23 01:13:18 info: =================================
2023-03-23 01:13:18 info: ======= ENV: development =======
2023-03-23 01:13:18 info: 🚀 App listening on the port 5000
2023-03-23 01:13:18 info: =================================
2023-03-23 01:13:18 info: =================================
2023-03-23 01:13:18 info: ==== DB Connection success!! ====
2023-03-23 01:13:18 info: =================================
2023-03-23 01:15:53 info: =================================
2023-03-23 01:15:53 info: ======= ENV: development =======
2023-03-23 01:15:53 info: 🚀 App listening on the port 5000
2023-03-23 01:15:53 info: =================================
2023-03-23 01:15:54 info: =================================
2023-03-23 01:15:54 info: ==== DB Connection success!! ====
2023-03-23 01:15:54 info: =================================
2023-03-23 01:15:57 info: =================================
2023-03-23 01:15:57 info: ======= ENV: development =======
2023-03-23 01:15:57 info: 🚀 App listening on the port 5000
2023-03-23 01:15:57 info: =================================
2023-03-23 01:15:57 info: =================================
2023-03-23 01:15:57 info: ==== DB Connection success!! ====
2023-03-23 01:15:57 info: =================================
2023-03-23 01:16:01 info: =================================
2023-03-23 01:16:01 info: ======= ENV: development =======
2023-03-23 01:16:01 info: 🚀 App listening on the port 5000
2023-03-23 01:16:01 info: =================================
2023-03-23 01:16:01 info: =================================
2023-03-23 01:16:01 info: ==== DB Connection success!! ====
2023-03-23 01:16:01 info: =================================
2023-03-23 01:16:07 info: =================================
2023-03-23 01:16:07 info: ======= ENV: development =======
2023-03-23 01:16:07 info: 🚀 App listening on the port 5000
2023-03-23 01:16:07 info: =================================
2023-03-23 01:16:07 info: =================================
2023-03-23 01:16:07 info: ==== DB Connection success!! ====
2023-03-23 01:16:07 info: =================================
2023-03-23 01:16:15 info: =================================
2023-03-23 01:16:15 info: ======= ENV: development =======
2023-03-23 01:16:15 info: 🚀 App listening on the port 5000
2023-03-23 01:16:15 info: =================================
2023-03-23 01:16:15 info: =================================
2023-03-23 01:16:15 info: ==== DB Connection success!! ====
2023-03-23 01:16:15 info: =================================
2023-03-23 01:16:25 info: =================================
2023-03-23 01:16:25 info: ======= ENV: development =======
2023-03-23 01:16:25 info: 🚀 App listening on the port 5000
2023-03-23 01:16:25 info: =================================
2023-03-23 01:16:25 info: =================================
2023-03-23 01:16:25 info: ==== DB Connection success!! ====
2023-03-23 01:16:25 info: =================================
2023-03-23 01:16:51 info: =================================
2023-03-23 01:16:51 info: ======= ENV: development =======
2023-03-23 01:16:51 info: 🚀 App listening on the port 5000
2023-03-23 01:16:51 info: =================================
2023-03-23 01:16:51 info: =================================
2023-03-23 01:16:51 info: ==== DB Connection success!! ====
2023-03-23 01:16:51 info: =================================
2023-03-23 01:17:33 info: =================================
2023-03-23 01:17:33 info: ======= ENV: development =======
2023-03-23 01:17:33 info: 🚀 App listening on the port 5000
2023-03-23 01:17:33 info: =================================
2023-03-23 01:17:34 info: =================================
2023-03-23 01:17:34 info: ==== DB Connection success!! ====
2023-03-23 01:17:34 info: =================================
2023-03-23 01:23:24 info: =================================
2023-03-23 01:23:24 info: ======= ENV: development =======
2023-03-23 01:23:24 info: 🚀 App listening on the port 5000
2023-03-23 01:23:24 info: =================================
2023-03-23 01:23:25 info: =================================
2023-03-23 01:23:25 info: ==== DB Connection success!! ====
2023-03-23 01:23:25 info: =================================
2023-03-23 01:23:54 info: =================================
2023-03-23 01:23:54 info: ======= ENV: development =======
2023-03-23 01:23:54 info: 🚀 App listening on the port 5000
2023-03-23 01:23:54 info: =================================
2023-03-23 01:23:54 info: =================================
2023-03-23 01:23:54 info: ==== DB Connection success!! ====
2023-03-23 01:23:54 info: =================================
2023-03-23 01:24:43 info: =================================
2023-03-23 01:24:43 info: ======= ENV: development =======
2023-03-23 01:24:43 info: 🚀 App listening on the port 5000
2023-03-23 01:24:43 info: =================================
2023-03-23 01:24:43 info: =================================
2023-03-23 01:24:43 info: ==== DB Connection success!! ====
2023-03-23 01:24:43 info: =================================
2023-03-23 01:24:50 info: =================================
2023-03-23 01:24:50 info: ======= ENV: development =======
2023-03-23 01:24:50 info: 🚀 App listening on the port 5000
2023-03-23 01:24:50 info: =================================
2023-03-23 01:24:50 info: =================================
2023-03-23 01:24:50 info: ==== DB Connection success!! ====
2023-03-23 01:24:50 info: =================================
2023-03-23 01:24:54 info: =================================
2023-03-23 01:24:54 info: ======= ENV: development =======
2023-03-23 01:24:54 info: 🚀 App listening on the port 5000
2023-03-23 01:24:54 info: =================================
2023-03-23 01:24:54 info: =================================
2023-03-23 01:24:54 info: ==== DB Connection success!! ====
2023-03-23 01:24:54 info: =================================
2023-03-23 01:25:05 info: =================================
2023-03-23 01:25:05 info: ======= ENV: development =======
2023-03-23 01:25:05 info: 🚀 App listening on the port 5000
2023-03-23 01:25:05 info: =================================
2023-03-23 01:25:05 info: =================================
2023-03-23 01:25:05 info: ==== DB Connection success!! ====
2023-03-23 01:25:05 info: =================================
2023-03-23 01:25:06 info: =================================
2023-03-23 01:25:06 info: ======= ENV: development =======
2023-03-23 01:25:06 info: 🚀 App listening on the port 5000
2023-03-23 01:25:06 info: =================================
2023-03-23 01:25:07 info: =================================
2023-03-23 01:25:07 info: ==== DB Connection success!! ====
2023-03-23 01:25:07 info: =================================
2023-03-23 01:25:50 info: =================================
2023-03-23 01:25:50 info: ======= ENV: development =======
2023-03-23 01:25:50 info: 🚀 App listening on the port 5000
2023-03-23 01:25:50 info: =================================
2023-03-23 01:25:51 info: =================================
2023-03-23 01:25:51 info: ==== DB Connection success!! ====
2023-03-23 01:25:51 info: =================================
2023-03-23 01:25:57 info: UserController - getAllUsers
2023-03-23 01:25:57 info: UserService - getAllUsers
2023-03-23 01:25:57 info: [0mGET /api/v1/users [32m200[0m 16.982 ms - 48[0m
2023-03-23 01:26:25 info: =================================
2023-03-23 01:26:25 info: ======= ENV: development =======
2023-03-23 01:26:25 info: 🚀 App listening on the port 5000
2023-03-23 01:26:25 info: =================================
2023-03-23 01:26:25 info: =================================
2023-03-23 01:26:25 info: ==== DB Connection success!! ====
2023-03-23 01:26:25 info: =================================
2023-03-23 01:26:45 info: =================================
2023-03-23 01:26:45 info: ======= ENV: development =======
2023-03-23 01:26:45 info: 🚀 App listening on the port 5000
2023-03-23 01:26:45 info: =================================
2023-03-23 01:26:45 info: =================================
2023-03-23 01:26:45 info: ==== DB Connection success!! ====
2023-03-23 01:26:45 info: =================================
2023-03-23 01:26:47 info: UserController - getAllUsers
2023-03-23 01:26:47 info: UserService - getAllUsers
2023-03-23 01:26:47 info: [0mGET /api/v1/users [32m200[0m 14.168 ms - 48[0m
2023-03-23 01:34:16 info: =================================
2023-03-23 01:34:16 info: ======= ENV: development =======
2023-03-23 01:34:16 info: 🚀 App listening on the port 5000
2023-03-23 01:34:16 info: =================================
2023-03-23 01:34:16 info: =================================
2023-03-23 01:34:16 info: ==== DB Connection success!! ====
2023-03-23 01:34:16 info: =================================
2023-03-23 01:35:16 info: =================================
2023-03-23 01:35:16 info: ======= ENV: development =======
2023-03-23 01:35:16 info: 🚀 App listening on the port 5000
2023-03-23 01:35:16 info: =================================
2023-03-23 01:35:17 info: =================================
2023-03-23 01:35:17 info: ==== DB Connection success!! ====
2023-03-23 01:35:17 info: =================================
2023-03-23 01:35:21 info: [0mGET /api/v1/customers [32m200[0m 13.407 ms - 16[0m
2023-03-23 01:35:52 info: =================================
2023-03-23 01:35:52 info: ======= ENV: development =======
2023-03-23 01:35:52 info: 🚀 App listening on the port 5000
2023-03-23 01:35:52 info: =================================
2023-03-23 01:35:52 info: =================================
2023-03-23 01:35:52 info: ==== DB Connection success!! ====
2023-03-23 01:35:52 info: =================================
2023-03-23 01:36:05 info: =================================
2023-03-23 01:36:05 info: ======= ENV: development =======
2023-03-23 01:36:05 info: 🚀 App listening on the port 5000
2023-03-23 01:36:05 info: =================================
2023-03-23 01:36:05 info: =================================
2023-03-23 01:36:05 info: ==== DB Connection success!! ====
2023-03-23 01:36:05 info: =================================
2023-03-23 01:36:16 info: =================================
2023-03-23 01:36:16 info: ======= ENV: development =======
2023-03-23 01:36:16 info: 🚀 App listening on the port 5000
2023-03-23 01:36:16 info: =================================
2023-03-23 01:36:16 info: =================================
2023-03-23 01:36:16 info: ==== DB Connection success!! ====
2023-03-23 01:36:16 info: =================================
2023-03-23 01:36:29 info: =================================
2023-03-23 01:36:29 info: ======= ENV: development =======
2023-03-23 01:36:29 info: 🚀 App listening on the port 5000
2023-03-23 01:36:29 info: =================================
2023-03-23 01:36:30 info: =================================
2023-03-23 01:36:30 info: ==== DB Connection success!! ====
2023-03-23 01:36:30 info: =================================
2023-03-23 01:36:41 info: =================================
2023-03-23 01:36:41 info: ======= ENV: development =======
2023-03-23 01:36:41 info: 🚀 App listening on the port 5000
2023-03-23 01:36:41 info: =================================
2023-03-23 01:36:41 info: =================================
2023-03-23 01:36:41 info: ==== DB Connection success!! ====
2023-03-23 01:36:41 info: =================================
2023-03-23 01:38:45 info: =================================
2023-03-23 01:38:45 info: ======= ENV: development =======
2023-03-23 01:38:45 info: 🚀 App listening on the port 5000
2023-03-23 01:38:45 info: =================================
2023-03-23 01:38:45 info: =================================
2023-03-23 01:38:45 info: ==== DB Connection success!! ====
2023-03-23 01:38:45 info: =================================
2023-03-23 01:38:58 info: =================================
2023-03-23 01:38:58 info: ======= ENV: development =======
2023-03-23 01:38:58 info: 🚀 App listening on the port 5000
2023-03-23 01:38:58 info: =================================
2023-03-23 01:38:58 info: =================================
2023-03-23 01:38:58 info: ==== DB Connection success!! ====
2023-03-23 01:38:58 info: =================================
2023-03-23 01:39:04 info: UserController - getAllUsers
2023-03-23 01:39:04 info: UserService - getAllUsers
2023-03-23 01:39:04 info: [0mGET /api/v1/users [32m200[0m 18.735 ms - 48[0m
2023-03-23 01:39:59 info: =================================
2023-03-23 01:39:59 info: ======= ENV: development =======
2023-03-23 01:39:59 info: 🚀 App listening on the port 5000
2023-03-23 01:39:59 info: =================================
2023-03-23 01:39:59 info: =================================
2023-03-23 01:39:59 info: ==== DB Connection success!! ====
2023-03-23 01:39:59 info: =================================
2023-03-23 01:40:22 info: =================================
2023-03-23 01:40:22 info: ======= ENV: development =======
2023-03-23 01:40:22 info: 🚀 App listening on the port 5000
2023-03-23 01:40:22 info: =================================
2023-03-23 01:40:23 info: =================================
2023-03-23 01:40:23 info: ==== DB Connection success!! ====
2023-03-23 01:40:23 info: =================================
2023-03-23 01:41:18 info: =================================
2023-03-23 01:41:18 info: ======= ENV: development =======
2023-03-23 01:41:18 info: 🚀 App listening on the port 5000
2023-03-23 01:41:18 info: =================================
2023-03-23 01:41:18 info: =================================
2023-03-23 01:41:18 info: ==== DB Connection success!! ====
2023-03-23 01:41:18 info: =================================
2023-03-23 01:42:23 info: [0mGET /api/v1/customers [32m200[0m 27.740 ms - 16[0m
2023-03-23 01:44:58 info: =================================
2023-03-23 01:44:58 info: ======= ENV: development =======
2023-03-23 01:44:58 info: 🚀 App listening on the port 5000
2023-03-23 01:44:58 info: =================================
2023-03-23 01:44:58 info: =================================
2023-03-23 01:44:58 info: ==== DB Connection success!! ====
2023-03-23 01:44:58 info: =================================
2023-03-23 01:46:02 info: [0mPOST /api/v1/customers [32m200[0m 154.975 ms - 121[0m
2023-03-23 01:46:28 info: [0mGET /api/v1/customers [32m200[0m 12.416 ms - 121[0m
2023-03-23 01:46:44 info: [0mPUT /api/v1/customers [33m404[0m 9.202 ms - 155[0m
2023-03-23 01:47:08 info: [0mPUT /api/v1/customers/1 [32m200[0m 49.351 ms - 58[0m
2023-03-23 01:47:12 info: [0mGET /api/v1/customers [32m200[0m 8.864 ms - 129[0m
2023-03-23 01:47:20 info: [0mGET /api/v1/customers/1 [32m200[0m 20.811 ms - 126[0m
2023-03-23 01:47:34 info: [0mDELETE /api/v1/customers/1 [32m200[0m 16.955 ms - 43[0m
2023-03-23 01:47:43 info: [0mGET /api/v1/customers [32m200[0m 13.393 ms - 16[0m
2023-03-23 01:50:13 info: =================================
2023-03-23 01:50:13 info: ======= ENV: development =======
2023-03-23 01:50:13 info: 🚀 App listening on the port 5000
2023-03-23 01:50:13 info: =================================
2023-03-23 01:50:13 info: =================================
2023-03-23 01:50:13 info: ==== DB Connection success!! ====
2023-03-23 01:50:13 info: =================================
2023-03-23 01:50:18 info: =================================
2023-03-23 01:50:18 info: ======= ENV: development =======
2023-03-23 01:50:18 info: 🚀 App listening on the port 5000
2023-03-23 01:50:18 info: =================================
2023-03-23 01:50:18 info: =================================
2023-03-23 01:50:18 info: ==== DB Connection success!! ====
2023-03-23 01:50:18 info: =================================
2023-03-23 01:50:33 info: =================================
2023-03-23 01:50:33 info: ======= ENV: development =======
2023-03-23 01:50:33 info: 🚀 App listening on the port 5000
2023-03-23 01:50:33 info: =================================
2023-03-23 01:50:33 info: =================================
2023-03-23 01:50:33 info: ==== DB Connection success!! ====
2023-03-23 01:50:33 info: =================================
2023-03-23 01:50:40 info: [0mGET /api/v1/customers [32m200[0m 15.676 ms - 16[0m
2023-03-23 17:46:32 info: =================================
2023-03-23 17:46:32 info: ======= ENV: development =======
2023-03-23 17:46:32 info: 🚀 App listening on the port 5000
2023-03-23 17:46:32 info: =================================
2023-03-23 17:46:32 info: =================================
2023-03-23 17:46:32 info: ==== DB Connection success!! ====
2023-03-23 17:46:32 info: =================================
2023-03-23 17:47:25 info: UserController - getAllUsers
2023-03-23 17:47:25 info: UserService - getAllUsers
2023-03-23 17:47:25 info: [0mGET /api/v1/users [32m200[0m 18.425 ms - 206[0m
2023-03-23 17:51:05 info: UserController - getAllUsers
2023-03-23 17:51:05 info: UserService - getAllUsers
2023-03-23 17:51:05 info: [0mGET /api/v1/users [32m200[0m 21.654 ms - 206[0m
2023-03-23 18:02:57 info: =================================
2023-03-23 18:02:57 info: ======= ENV: development =======
2023-03-23 18:02:57 info: 🚀 App listening on the port 5000
2023-03-23 18:02:57 info: =================================
2023-03-23 18:02:57 info: =================================
2023-03-23 18:02:57 info: ==== DB Connection success!! ====
2023-03-23 18:02:57 info: =================================
2023-03-23 18:03:10 info: UserController - getAllUsers
2023-03-23 18:03:10 info: UserService - getAllUsers
2023-03-23 18:03:10 info: [0mGET /api/v1/users [32m200[0m 35.063 ms - 203[0m
2023-03-23 18:04:02 info: =================================
2023-03-23 18:04:02 info: ======= ENV: development =======
2023-03-23 18:04:02 info: 🚀 App listening on the port 5000
2023-03-23 18:04:02 info: =================================
2023-03-23 18:04:02 info: =================================
2023-03-23 18:04:02 info: ==== DB Connection success!! ====
2023-03-23 18:04:02 info: =================================
2023-03-23 18:04:05 info: =================================
2023-03-23 18:04:05 info: ======= ENV: development =======
2023-03-23 18:04:05 info: 🚀 App listening on the port 5000
2023-03-23 18:04:05 info: =================================
2023-03-23 18:04:05 info: =================================
2023-03-23 18:04:05 info: ==== DB Connection success!! ====
2023-03-23 18:04:05 info: =================================
2023-03-23 18:04:12 info: =================================
2023-03-23 18:04:12 info: ======= ENV: development =======
2023-03-23 18:04:12 info: 🚀 App listening on the port 5000
2023-03-23 18:04:12 info: =================================
2023-03-23 18:04:12 info: =================================
2023-03-23 18:04:12 info: ==== DB Connection success!! ====
2023-03-23 18:04:12 info: =================================
2023-03-23 18:04:16 info: =================================
2023-03-23 18:04:16 info: ======= ENV: development =======
2023-03-23 18:04:16 info: 🚀 App listening on the port 5000
2023-03-23 18:04:16 info: =================================
2023-03-23 18:04:16 info: =================================
2023-03-23 18:04:16 info: ==== DB Connection success!! ====
2023-03-23 18:04:16 info: =================================
2023-03-23 18:04:19 info: =================================
2023-03-23 18:04:19 info: ======= ENV: development =======
2023-03-23 18:04:19 info: 🚀 App listening on the port 5000
2023-03-23 18:04:19 info: =================================
2023-03-23 18:04:19 info: =================================
2023-03-23 18:04:19 info: ==== DB Connection success!! ====
2023-03-23 18:04:19 info: =================================
2023-03-23 18:04:32 info: =================================
2023-03-23 18:04:32 info: ======= ENV: development =======
2023-03-23 18:04:32 info: 🚀 App listening on the port 5000
2023-03-23 18:04:32 info: =================================
2023-03-23 18:04:32 info: =================================
2023-03-23 18:04:32 info: ==== DB Connection success!! ====
2023-03-23 18:04:32 info: =================================
2023-03-23 18:04:34 info: =================================
2023-03-23 18:04:34 info: ======= ENV: development =======
2023-03-23 18:04:34 info: 🚀 App listening on the port 5000
2023-03-23 18:04:34 info: =================================
2023-03-23 18:04:35 info: =================================
2023-03-23 18:04:35 info: ==== DB Connection success!! ====
2023-03-23 18:04:35 info: =================================
2023-03-23 18:04:51 info: =================================
2023-03-23 18:04:51 info: ======= ENV: development =======
2023-03-23 18:04:51 info: 🚀 App listening on the port 5000
2023-03-23 18:04:51 info: =================================
2023-03-23 18:04:51 info: =================================
2023-03-23 18:04:51 info: ==== DB Connection success!! ====
2023-03-23 18:04:51 info: =================================
2023-03-23 18:04:55 info: =================================
2023-03-23 18:04:55 info: ======= ENV: development =======
2023-03-23 18:04:55 info: 🚀 App listening on the port 5000
2023-03-23 18:04:55 info: =================================
2023-03-23 18:04:56 info: =================================
2023-03-23 18:04:56 info: ==== DB Connection success!! ====
2023-03-23 18:04:56 info: =================================
2023-03-23 18:05:02 info: =================================
2023-03-23 18:05:02 info: ======= ENV: development =======
2023-03-23 18:05:02 info: 🚀 App listening on the port 5000
2023-03-23 18:05:02 info: =================================
2023-03-23 18:05:02 info: =================================
2023-03-23 18:05:02 info: ==== DB Connection success!! ====
2023-03-23 18:05:02 info: =================================
2023-03-23 18:05:07 info: =================================
2023-03-23 18:05:07 info: ======= ENV: development =======
2023-03-23 18:05:07 info: 🚀 App listening on the port 5000
2023-03-23 18:05:07 info: =================================
2023-03-23 18:05:07 info: =================================
2023-03-23 18:05:07 info: ==== DB Connection success!! ====
2023-03-23 18:05:07 info: =================================
2023-03-23 18:05:15 info: =================================
2023-03-23 18:05:15 info: ======= ENV: development =======
2023-03-23 18:05:15 info: 🚀 App listening on the port 5000
2023-03-23 18:05:15 info: =================================
2023-03-23 18:05:15 info: =================================
2023-03-23 18:05:15 info: ==== DB Connection success!! ====
2023-03-23 18:05:15 info: =================================
2023-03-23 18:05:18 info: =================================
2023-03-23 18:05:18 info: ======= ENV: development =======
2023-03-23 18:05:18 info: 🚀 App listening on the port 5000
2023-03-23 18:05:18 info: =================================
2023-03-23 18:05:20 info: =================================
2023-03-23 18:05:20 info: ======= ENV: development =======
2023-03-23 18:05:20 info: 🚀 App listening on the port 5000
2023-03-23 18:05:20 info: =================================
2023-03-23 18:05:20 info: =================================
2023-03-23 18:05:20 info: ==== DB Connection success!! ====
2023-03-23 18:05:20 info: =================================
2023-03-23 18:07:28 info: =================================
2023-03-23 18:07:28 info: ======= ENV: development =======
2023-03-23 18:07:28 info: 🚀 App listening on the port 5000
2023-03-23 18:07:28 info: =================================
2023-03-23 18:07:29 info: =================================
2023-03-23 18:07:29 info: ==== DB Connection success!! ====
2023-03-23 18:07:29 info: =================================
2023-03-23 18:07:47 info: =================================
2023-03-23 18:07:47 info: ======= ENV: development =======
2023-03-23 18:07:47 info: 🚀 App listening on the port 5000
2023-03-23 18:07:47 info: =================================
2023-03-23 18:07:48 info: =================================
2023-03-23 18:07:48 info: ==== DB Connection success!! ====
2023-03-23 18:07:48 info: =================================
2023-03-23 18:07:53 info: =================================
2023-03-23 18:07:53 info: ======= ENV: development =======
2023-03-23 18:07:53 info: 🚀 App listening on the port 5000
2023-03-23 18:07:53 info: =================================
2023-03-23 18:07:53 info: =================================
2023-03-23 18:07:53 info: ==== DB Connection success!! ====
2023-03-23 18:07:53 info: =================================
2023-03-23 18:08:11 info: =================================
2023-03-23 18:08:11 info: ======= ENV: development =======
2023-03-23 18:08:11 info: 🚀 App listening on the port 5000
2023-03-23 18:08:11 info: =================================
2023-03-23 18:08:12 info: =================================
2023-03-23 18:08:12 info: ==== DB Connection success!! ====
2023-03-23 18:08:12 info: =================================
2023-03-23 18:08:42 info: =================================
2023-03-23 18:08:42 info: ======= ENV: development =======
2023-03-23 18:08:42 info: 🚀 App listening on the port 5000
2023-03-23 18:08:42 info: =================================
2023-03-23 18:08:43 info: =================================
2023-03-23 18:08:43 info: ==== DB Connection success!! ====
2023-03-23 18:08:43 info: =================================
2023-03-23 18:09:12 info: =================================
2023-03-23 18:09:12 info: ======= ENV: development =======
2023-03-23 18:09:12 info: 🚀 App listening on the port 5000
2023-03-23 18:09:12 info: =================================
2023-03-23 18:09:12 info: =================================
2023-03-23 18:09:12 info: ==== DB Connection success!! ====
2023-03-23 18:09:12 info: =================================
2023-03-23 18:09:26 info: =================================
2023-03-23 18:09:26 info: ======= ENV: development =======
2023-03-23 18:09:26 info: 🚀 App listening on the port 5000
2023-03-23 18:09:26 info: =================================
2023-03-23 18:09:27 info: =================================
2023-03-23 18:09:27 info: ==== DB Connection success!! ====
2023-03-23 18:09:27 info: =================================
2023-03-23 18:09:59 info: =================================
2023-03-23 18:09:59 info: ======= ENV: development =======
2023-03-23 18:09:59 info: 🚀 App listening on the port 5000
2023-03-23 18:09:59 info: =================================
2023-03-23 18:09:59 info: =================================
2023-03-23 18:09:59 info: ==== DB Connection success!! ====
2023-03-23 18:09:59 info: =================================
2023-03-23 18:10:14 info: =================================
2023-03-23 18:10:14 info: ======= ENV: development =======
2023-03-23 18:10:14 info: 🚀 App listening on the port 5000
2023-03-23 18:10:14 info: =================================
2023-03-23 18:10:14 info: =================================
2023-03-23 18:10:14 info: ==== DB Connection success!! ====
2023-03-23 18:10:14 info: =================================
2023-03-23 18:10:30 info: =================================
2023-03-23 18:10:30 info: ======= ENV: development =======
2023-03-23 18:10:30 info: 🚀 App listening on the port 5000
2023-03-23 18:10:30 info: =================================
2023-03-23 18:10:30 info: =================================
2023-03-23 18:10:30 info: ==== DB Connection success!! ====
2023-03-23 18:10:30 info: =================================
2023-03-23 18:10:45 info: =================================
2023-03-23 18:10:45 info: ======= ENV: development =======
2023-03-23 18:10:45 info: 🚀 App listening on the port 5000
2023-03-23 18:10:45 info: =================================
2023-03-23 18:10:45 info: =================================
2023-03-23 18:10:45 info: ==== DB Connection success!! ====
2023-03-23 18:10:45 info: =================================
2023-03-23 18:10:52 info: =================================
2023-03-23 18:10:52 info: ======= ENV: development =======
2023-03-23 18:10:52 info: 🚀 App listening on the port 5000
2023-03-23 18:10:52 info: =================================
2023-03-23 18:10:52 info: =================================
2023-03-23 18:10:52 info: ==== DB Connection success!! ====
2023-03-23 18:10:52 info: =================================
2023-03-23 18:10:56 info: =================================
2023-03-23 18:10:56 info: ======= ENV: development =======
2023-03-23 18:10:56 info: 🚀 App listening on the port 5000
2023-03-23 18:10:56 info: =================================
2023-03-23 18:10:56 info: =================================
2023-03-23 18:10:56 info: ==== DB Connection success!! ====
2023-03-23 18:10:56 info: =================================
2023-03-23 18:10:58 info: =================================
2023-03-23 18:10:58 info: ======= ENV: development =======
2023-03-23 18:10:58 info: 🚀 App listening on the port 5000
2023-03-23 18:10:58 info: =================================
2023-03-23 18:10:59 info: =================================
2023-03-23 18:10:59 info: ==== DB Connection success!! ====
2023-03-23 18:10:59 info: =================================
2023-03-23 18:11:18 info: =================================
2023-03-23 18:11:18 info: ======= ENV: development =======
2023-03-23 18:11:18 info: 🚀 App listening on the port 5000
2023-03-23 18:11:18 info: =================================
2023-03-23 18:11:18 info: =================================
2023-03-23 18:11:18 info: ==== DB Connection success!! ====
2023-03-23 18:11:18 info: =================================
2023-03-23 18:11:24 info: =================================
2023-03-23 18:11:24 info: ======= ENV: development =======
2023-03-23 18:11:24 info: 🚀 App listening on the port 5000
2023-03-23 18:11:24 info: =================================
2023-03-23 18:11:24 info: =================================
2023-03-23 18:11:24 info: ==== DB Connection success!! ====
2023-03-23 18:11:24 info: =================================
2023-03-23 18:12:02 info: UserController - getAllUsers
2023-03-23 18:12:02 info: UserService - getAllUsers
2023-03-23 18:12:02 info: [0mGET /api/v1/users [32m200[0m 39.971 ms - 203[0m
2023-03-23 18:12:40 info: UserController - getUserById with id 2
2023-03-23 18:12:40 info: UserService - getUserById with id 2
2023-03-23 18:12:40 info: [0mGET /api/v1/users/2 [33m404[0m 19.156 ms - 71[0m
2023-03-23 18:13:07 info: UserController - getUserById with id 1
2023-03-23 18:13:07 info: UserService - getUserById with id 1
2023-03-23 18:13:07 info: [0mGET /api/v1/users/1 [32m200[0m 13.284 ms - 201[0m
2023-03-23 18:13:24 info: UserController - createUser
2023-03-23 18:13:24 info: UserService - createUser
2023-03-23 18:13:24 info: [0mPOST /api/v1/users [32m200[0m 189.784 ms - 275[0m
2023-03-23 18:14:00 info: UserController - updateUserById with id 1
2023-03-23 18:14:00 info: UserService - updateUserById with id 1
2023-03-23 18:14:00 info: [0mPUT /api/v1/users/1 [32m200[0m 29.792 ms - 85[0m
2023-03-23 18:14:27 info: UserController - updateUserById with id 1
2023-03-23 18:14:27 info: UserService - updateUserById with id 1
2023-03-23 18:14:27 info: [0mPUT /api/v1/users/1 [32m200[0m 23.616 ms - 85[0m
2023-03-23 18:14:33 info: UserController - updateUserById with id 2
2023-03-23 18:14:33 info: UserService - updateUserById with id 2
2023-03-23 18:14:33 info: [0mPUT /api/v1/users/2 [32m200[0m 19.308 ms - 85[0m
2023-03-23 18:14:38 info: UserController - getUserById with id 1
2023-03-23 18:14:38 info: UserService - getUserById with id 1
2023-03-23 18:14:38 info: [0mGET /api/v1/users/1 [32m200[0m 7.253 ms - 201[0m
2023-03-23 18:14:43 info: UserController - getUserById with id 2
2023-03-23 18:14:43 info: UserService - getUserById with id 2
2023-03-23 18:14:43 info: [0mGET /api/v1/users/2 [32m200[0m 9.728 ms - 201[0m
2023-03-23 18:14:54 info: UserController - deleteUserById with id 2
2023-03-23 18:14:54 info: UserService - deleteUserById with id 2
2023-03-23 18:14:54 info: [0mDELETE /api/v1/users/2 [32m200[0m 16.321 ms - 66[0m
2023-03-23 18:15:04 info: UserController - getAllUsers
2023-03-23 18:15:04 info: UserService - getAllUsers
2023-03-23 18:15:04 info: [0mGET /api/v1/users [32m200[0m 6.999 ms - 203[0m
2023-03-23 18:15:12 info: UserController - deleteUserById with id 2
2023-03-23 18:15:12 info: UserService - deleteUserById with id 2
2023-03-23 18:15:12 info: [0mDELETE /api/v1/users/2 [33m404[0m 13.053 ms - 71[0m
