2023-03-21 00:03:04 info: =================================
2023-03-21 00:03:04 info: ======= ENV: development =======
2023-03-21 00:03:04 info: 🚀 App listening on the port 5000
2023-03-21 00:03:04 info: =================================
2023-03-21 00:03:04 info: =================================
2023-03-21 00:03:04 info: ==== DB Connection success!! ====
2023-03-21 00:03:04 info: =================================
2023-03-21 00:45:08 info: =================================
2023-03-21 00:45:08 info: ======= ENV: development =======
2023-03-21 00:45:08 info: 🚀 App listening on the port 5000
2023-03-21 00:45:08 info: =================================
2023-03-21 00:47:49 info: =================================
2023-03-21 00:47:49 info: ======= ENV: development =======
2023-03-21 00:47:49 info: 🚀 App listening on the port 5000
2023-03-21 00:47:49 info: =================================
2023-03-21 00:47:50 info: =================================
2023-03-21 00:47:50 info: ==== DB Connection success!! ====
2023-03-21 00:47:50 info: =================================
2023-03-21 00:48:01 info: UserController - getAllUsers
2023-03-21 00:48:01 info: UserService - getAllUsers
2023-03-21 00:48:01 info: [0mGET /api/v1/users [32m200[0m 30.051 ms - 48[0m
2023-03-21 00:48:47 info: [0mPOST /api/v1/users [33m404[0m 37.764 ms - 152[0m
2023-03-21 00:49:11 info: =================================
2023-03-21 00:49:11 info: ======= ENV: development =======
2023-03-21 00:49:11 info: 🚀 App listening on the port 5000
2023-03-21 00:49:11 info: =================================
2023-03-21 00:49:12 info: =================================
2023-03-21 00:49:12 info: ==== DB Connection success!! ====
2023-03-21 00:49:12 info: =================================
2023-03-21 00:49:15 info: =================================
2023-03-21 00:49:15 info: ======= ENV: development =======
2023-03-21 00:49:15 info: 🚀 App listening on the port 5000
2023-03-21 00:49:15 info: =================================
2023-03-21 00:49:15 info: =================================
2023-03-21 00:49:15 info: ==== DB Connection success!! ====
2023-03-21 00:49:15 info: =================================
2023-03-21 00:49:21 info: UserController - createUser
2023-03-21 00:49:21 info: UserService - createUser
2023-03-21 00:49:50 info: =================================
2023-03-21 00:49:50 info: ======= ENV: development =======
2023-03-21 00:49:50 info: 🚀 App listening on the port 5000
2023-03-21 00:49:50 info: =================================
2023-03-21 00:49:50 info: =================================
2023-03-21 00:49:50 info: ==== DB Connection success!! ====
2023-03-21 00:49:50 info: =================================
2023-03-21 00:50:06 info: UserController - createUser
2023-03-21 00:50:06 info: UserService - createUser
2023-03-21 00:50:32 info: =================================
2023-03-21 00:50:32 info: ======= ENV: development =======
2023-03-21 00:50:32 info: 🚀 App listening on the port 5000
2023-03-21 00:50:32 info: =================================
2023-03-21 00:50:32 info: =================================
2023-03-21 00:50:32 info: ==== DB Connection success!! ====
2023-03-21 00:50:32 info: =================================
2023-03-21 00:51:28 info: =================================
2023-03-21 00:51:28 info: ======= ENV: development =======
2023-03-21 00:51:28 info: 🚀 App listening on the port 5000
2023-03-21 00:51:28 info: =================================
2023-03-21 00:51:28 info: =================================
2023-03-21 00:51:28 info: ==== DB Connection success!! ====
2023-03-21 00:51:28 info: =================================
2023-03-21 00:52:44 info: =================================
2023-03-21 00:52:44 info: ======= ENV: development =======
2023-03-21 00:52:44 info: 🚀 App listening on the port 5000
2023-03-21 00:52:44 info: =================================
2023-03-21 00:52:44 info: =================================
2023-03-21 00:52:44 info: ==== DB Connection success!! ====
2023-03-21 00:52:44 info: =================================
2023-03-21 00:52:46 info: UserController - createUser
2023-03-21 00:52:46 info: UserService - createUser
2023-03-21 00:52:46 info: [0mPOST /api/v1/users [32m200[0m 57.487 ms - 97[0m
2023-03-21 00:53:11 info: =================================
2023-03-21 00:53:11 info: ======= ENV: development =======
2023-03-21 00:53:11 info: 🚀 App listening on the port 5000
2023-03-21 00:53:11 info: =================================
2023-03-21 00:53:12 info: =================================
2023-03-21 00:53:12 info: ==== DB Connection success!! ====
2023-03-21 00:53:12 info: =================================
2023-03-21 00:53:15 info: =================================
2023-03-21 00:53:15 info: ======= ENV: development =======
2023-03-21 00:53:15 info: 🚀 App listening on the port 5000
2023-03-21 00:53:15 info: =================================
2023-03-21 00:53:15 info: =================================
2023-03-21 00:53:15 info: ==== DB Connection success!! ====
2023-03-21 00:53:15 info: =================================
2023-03-21 00:53:21 info: UserController - createUser
2023-03-21 00:53:21 info: UserService - createUser
2023-03-21 00:53:21 info: [0mPOST /api/v1/users [32m200[0m 43.104 ms - 97[0m
2023-03-21 00:53:43 info: =================================
2023-03-21 00:53:43 info: ======= ENV: development =======
2023-03-21 00:53:43 info: 🚀 App listening on the port 5000
2023-03-21 00:53:43 info: =================================
2023-03-21 00:53:44 info: =================================
2023-03-21 00:53:44 info: ==== DB Connection success!! ====
2023-03-21 00:53:44 info: =================================
2023-03-21 00:53:46 info: =================================
2023-03-21 00:53:46 info: ======= ENV: development =======
2023-03-21 00:53:46 info: 🚀 App listening on the port 5000
2023-03-21 00:53:46 info: =================================
2023-03-21 00:53:46 info: =================================
2023-03-21 00:53:46 info: ==== DB Connection success!! ====
2023-03-21 00:53:46 info: =================================
2023-03-21 00:53:51 info: UserController - createUser
2023-03-21 00:53:51 info: UserService - createUser
2023-03-21 00:57:30 info: =================================
2023-03-21 00:57:30 info: ======= ENV: development =======
2023-03-21 00:57:30 info: 🚀 App listening on the port 5000
2023-03-21 00:57:30 info: =================================
2023-03-21 00:57:30 info: =================================
2023-03-21 00:57:30 info: ==== DB Connection success!! ====
2023-03-21 00:57:30 info: =================================
2023-03-21 00:57:39 info: UserController - createUser
2023-03-21 00:57:39 info: UserService - createUser
2023-03-21 01:04:32 info: =================================
2023-03-21 01:04:32 info: ======= ENV: development =======
2023-03-21 01:04:32 info: 🚀 App listening on the port 5000
2023-03-21 01:04:32 info: =================================
2023-03-21 01:04:32 info: =================================
2023-03-21 01:04:32 info: ==== DB Connection success!! ====
2023-03-21 01:04:32 info: =================================
2023-03-21 01:04:36 info: UserController - createUser
2023-03-21 01:04:36 info: UserService - createUser
2023-03-21 01:07:29 info: =================================
2023-03-21 01:07:29 info: ======= ENV: development =======
2023-03-21 01:07:29 info: 🚀 App listening on the port 5000
2023-03-21 01:07:29 info: =================================
2023-03-21 01:07:29 info: =================================
2023-03-21 01:07:29 info: ==== DB Connection success!! ====
2023-03-21 01:07:29 info: =================================
2023-03-21 01:07:32 info: =================================
2023-03-21 01:07:32 info: ======= ENV: development =======
2023-03-21 01:07:32 info: 🚀 App listening on the port 5000
2023-03-21 01:07:32 info: =================================
2023-03-21 01:07:32 info: =================================
2023-03-21 01:07:32 info: ==== DB Connection success!! ====
2023-03-21 01:07:32 info: =================================
2023-03-21 01:08:04 info: =================================
2023-03-21 01:08:04 info: ======= ENV: development =======
2023-03-21 01:08:04 info: 🚀 App listening on the port 5000
2023-03-21 01:08:04 info: =================================
2023-03-21 01:08:04 info: =================================
2023-03-21 01:08:04 info: ==== DB Connection success!! ====
2023-03-21 01:08:04 info: =================================
2023-03-21 01:08:06 info: UserController - createUser
2023-03-21 01:08:06 info: UserService - createUser
2023-03-21 01:09:02 info: =================================
2023-03-21 01:09:02 info: ======= ENV: development =======
2023-03-21 01:09:02 info: 🚀 App listening on the port 5000
2023-03-21 01:09:02 info: =================================
2023-03-21 01:09:02 info: =================================
2023-03-21 01:09:02 info: ==== DB Connection success!! ====
2023-03-21 01:09:02 info: =================================
2023-03-21 01:09:14 info: =================================
2023-03-21 01:09:14 info: ======= ENV: development =======
2023-03-21 01:09:14 info: 🚀 App listening on the port 5000
2023-03-21 01:09:14 info: =================================
2023-03-21 01:09:14 info: =================================
2023-03-21 01:09:14 info: ==== DB Connection success!! ====
2023-03-21 01:09:14 info: =================================
2023-03-21 01:09:24 info: =================================
2023-03-21 01:09:24 info: ======= ENV: development =======
2023-03-21 01:09:24 info: 🚀 App listening on the port 5000
2023-03-21 01:09:24 info: =================================
2023-03-21 01:09:24 info: =================================
2023-03-21 01:09:24 info: ==== DB Connection success!! ====
2023-03-21 01:09:24 info: =================================
2023-03-21 01:09:34 info: UserController - createUser
2023-03-21 01:09:34 info: UserService - createUser
2023-03-21 01:14:04 info: =================================
2023-03-21 01:14:04 info: ======= ENV: development =======
2023-03-21 01:14:04 info: 🚀 App listening on the port 5000
2023-03-21 01:14:04 info: =================================
2023-03-21 01:14:06 info: =================================
2023-03-21 01:14:06 info: ======= ENV: development =======
2023-03-21 01:14:06 info: 🚀 App listening on the port 5000
2023-03-21 01:14:06 info: =================================
2023-03-21 01:14:06 info: =================================
2023-03-21 01:14:06 info: ==== DB Connection success!! ====
2023-03-21 01:14:06 info: =================================
2023-03-21 01:14:14 info: =================================
2023-03-21 01:14:14 info: ======= ENV: development =======
2023-03-21 01:14:14 info: 🚀 App listening on the port 5000
2023-03-21 01:14:14 info: =================================
2023-03-21 01:14:14 info: =================================
2023-03-21 01:14:14 info: ==== DB Connection success!! ====
2023-03-21 01:14:14 info: =================================
2023-03-21 01:14:16 info: UserController - createUser
2023-03-21 01:14:16 info: UserService - createUser
2023-03-21 01:14:16 info: [0mPOST /api/v1/users [32m200[0m 86.198 ms - 247[0m
2023-03-21 01:14:33 info: =================================
2023-03-21 01:14:33 info: ======= ENV: development =======
2023-03-21 01:14:33 info: 🚀 App listening on the port 5000
2023-03-21 01:14:33 info: =================================
2023-03-21 01:14:33 info: =================================
2023-03-21 01:14:33 info: ==== DB Connection success!! ====
2023-03-21 01:14:33 info: =================================
2023-03-21 01:14:58 info: =================================
2023-03-21 01:14:58 info: ======= ENV: development =======
2023-03-21 01:14:58 info: 🚀 App listening on the port 5000
2023-03-21 01:14:58 info: =================================
2023-03-21 01:14:58 info: =================================
2023-03-21 01:14:58 info: ==== DB Connection success!! ====
2023-03-21 01:14:58 info: =================================
2023-03-21 01:17:01 info: UserController - createUser
2023-03-21 01:17:01 info: UserService - createUser
2023-03-21 01:17:01 info: [0mPOST /api/v1/users [32m200[0m 112.555 ms - 238[0m
2023-03-21 01:17:19 info: UserController - getAllUsers
2023-03-21 01:17:19 info: UserService - getAllUsers
2023-03-21 01:17:19 info: [0mGET /api/v1/users [32m200[0m 11.022 ms - 374[0m
2023-03-21 01:19:24 info: UserController - updateUserById with id 2
2023-03-21 01:19:24 info: UserService - updateUserById with id 2
2023-03-21 01:19:24 info: [0mPUT /api/v1/users/2 [32m200[0m 37.991 ms - 100[0m
2023-03-21 01:19:41 info: UserController - getUserById with id 2
2023-03-21 01:19:41 info: UserService - getUserById with id 2
2023-03-21 01:19:41 info: [0mGET /api/v1/users/2 [32m200[0m 8.561 ms - 211[0m
2023-03-21 01:20:24 info: UserController - deleteUserById with id 2
2023-03-21 01:20:24 info: UserService - deleteUserById with id 2
2023-03-21 01:20:24 info: [0mDELETE /api/v1/users/2 [32m200[0m 29.736 ms - 82[0m
2023-03-21 01:20:33 info: UserController - getUserById with id 2
2023-03-21 01:20:33 info: UserService - getUserById with id 2
2023-03-21 01:20:33 info: [0mGET /api/v1/users/2 [32m200[0m 13.602 ms - 49[0m
2023-03-21 01:20:39 info: UserController - getAllUsers
2023-03-21 01:20:39 info: UserService - getAllUsers
2023-03-21 01:20:39 info: [0mGET /api/v1/users [32m200[0m 9.177 ms - 215[0m
2023-03-21 01:22:09 info: =================================
2023-03-21 01:22:09 info: ======= ENV: development =======
2023-03-21 01:22:09 info: 🚀 App listening on the port 5000
2023-03-21 01:22:09 info: =================================
2023-03-21 01:22:09 info: =================================
2023-03-21 01:22:09 info: ==== DB Connection success!! ====
2023-03-21 01:22:09 info: =================================
2023-03-21 01:22:16 info: =================================
2023-03-21 01:22:16 info: ======= ENV: development =======
2023-03-21 01:22:16 info: 🚀 App listening on the port 5000
2023-03-21 01:22:16 info: =================================
2023-03-21 01:22:17 info: =================================
2023-03-21 01:22:17 info: ==== DB Connection success!! ====
2023-03-21 01:22:17 info: =================================
2023-03-21 23:30:26 info: =================================
2023-03-21 23:30:26 info: ======= ENV: development =======
2023-03-21 23:30:26 info: 🚀 App listening on the port 5000
2023-03-21 23:30:26 info: =================================
2023-03-21 23:30:27 info: =================================
2023-03-21 23:30:27 info: ==== DB Connection success!! ====
2023-03-21 23:30:27 info: =================================
2023-03-21 23:30:57 info: UserController - createUser
2023-03-21 23:30:57 info: UserService - createUser
2023-03-21 23:30:57 info: [0mPOST /api/v1/users [32m200[0m 214.786 ms - 292[0m
2023-03-21 23:31:25 info: UserController - getAllUsers
2023-03-21 23:31:25 info: UserService - getAllUsers
2023-03-21 23:31:25 info: [0mGET /api/v1/users [32m200[0m 14.199 ms - 374[0m
2023-03-21 23:32:57 info: =================================
2023-03-21 23:32:57 info: ======= ENV: development =======
2023-03-21 23:32:57 info: 🚀 App listening on the port 5000
2023-03-21 23:32:57 info: =================================
2023-03-21 23:32:57 info: =================================
2023-03-21 23:32:57 info: ==== DB Connection success!! ====
2023-03-21 23:32:57 info: =================================
